0583 Central 42.3422474 -71.0841033 2013-02-14 09:12:09
0504 Central 42.3597604 -71.0942041 2013-02-14 09:12:09
0589 BMC 42.3425800 -71.0846827 2013-02-14 09:12:09
0583 Central 42.3425531 -71.0846580 2013-02-14 09:13:10
0504 Central 42.3604113 -71.0952056 2013-02-14 09:13:10
0589 BMC 42.3415858 -71.0832296 2013-02-14 09:13:10
0583 Central 42.3440191 -71.0861623 2013-02-14 09:13:38
0504 Central 42.3604113 -71.0952056 2013-02-14 09:13:38
0589 BMC 42.3415858 -71.0832296 2013-02-14 09:13:38
0583 Central 42.3477298 -71.0879341 2013-02-14 09:14:38
0504 Central 42.3604113 -71.0952056 2013-02-14 09:14:38
0589 BMC 42.3408485 -71.0821942 2013-02-14 09:14:38
0583 Central 42.3483335 -71.0882846 2013-02-14 09:15:39
0504 Central 42.3617903 -71.0978360 2013-02-14 09:15:39
0589 BMC 42.3386333 -71.0796730 2013-02-14 09:15:39
0583 Central 42.3505899 -71.0893552 2013-02-14 09:16:39
0504 Central 42.3628510 -71.0994552 2013-02-14 09:16:39
0589 BMC 42.3355288 -71.0759338 2013-02-14 09:16:39
0583 Central 42.3516770 -71.0899278 2013-02-14 09:17:14
0504 Central 42.3635815 -71.1008176 2013-02-14 09:17:14
0589 BMC 42.3355288 -71.0759338 2013-02-14 09:17:14
0583 Central 42.3572062 -71.0925104 2013-02-14 09:18:15
0504 Central 42.3642404 -71.1031256 2013-02-14 09:18:15
0589 BMC 42.3342876 -71.0744293 2013-02-14 09:18:15
0583 Central 42.3598389 -71.0942201 2013-02-14 09:19:15
0504 BMC 42.3648483 -71.1043655 2013-02-14 09:19:15
0589 BMC 42.3342876 -71.0744293 2013-02-14 09:19:15
0583 Central 42.3598389 -71.0942201 2013-02-14 09:20:15
0504 BMC 42.3652253 -71.1044881 2013-02-14 09:20:15
0589 BMC 42.3341719 -71.0725670 2013-02-14 09:20:15
0583 Central 42.3609803 -71.0962037 2013-02-14 09:21:16
0504 BMC 42.3653061 -71.1036390 2013-02-14 09:21:16
0589 BMC 42.3361316 -71.0703774 2013-02-14 09:21:16
0583 Central 42.3629735 -71.0993813 2013-02-14 09:22:16
0504 BMC 42.3648237 -71.1028436 2013-02-14 09:22:16
0589 Central 42.3369987 -71.0713971 2013-02-14 09:22:16
0583 Central 42.3636222 -71.1006023 2013-02-14 09:23:17
0504 BMC 42.3648071 -71.1028436 2013-02-14 09:23:17
0589 Central 42.3373592 -71.0721639 2013-02-14 09:23:17
0583 Central 42.3648959 -71.1043408 2013-02-14 09:24:17
0504 BMC 42.3648953 -71.1028001 2013-02-14 09:24:17
0589 Central 42.3356383 -71.0723144 2013-02-14 09:24:17
0583 BMC 42.3652047 -71.1044536 2013-02-14 09:25:18
0504 BMC 42.3644512 -71.1022306 2013-02-14 09:25:18
0589 Central 42.3352955 -71.0719073 2013-02-14 09:25:18
0583 BMC 42.3652368 -71.1044382 2013-02-14 09:26:18
0504 BMC 42.3632658 -71.1001783 2013-02-14 09:26:18
0589 Central 42.3345227 -71.0721336 2013-02-14 09:26:18
0583 BMC 42.3652012 -71.1045087 2013-02-14 09:27:19
0504 BMC 42.3629982 -71.0998076 2013-02-14 09:27:19
0589 Central 42.3344420 -71.0742894 2013-02-14 09:27:19
0583 BMC 42.3652803 -71.1044033 2013-02-14 09:28:19
0504 BMC 42.3621674 -71.0983825 2013-02-14 09:28:19
0589 Central 42.3355109 -71.0755882 2013-02-14 09:28:19
0583 BMC 42.3652614 -71.1045351 2013-02-14 09:29:20
0504 BMC 42.3607648 -71.0960203 2013-02-14 09:29:20
0589 Central 42.3370361 -71.0775050 2013-02-14 09:29:20
0583 BMC 42.3652236 -71.1044703 2013-02-14 09:30:20
0504 BMC 42.3593250 -71.0938821 2013-02-14 09:30:20
0589 Central 42.3401402 -71.0810640 2013-02-14 09:30:20
0583 BMC 42.3654241 -71.1041225 2013-02-14 09:31:20
0504 BMC 42.3580198 -71.0931200 2013-02-14 09:31:20
0589 Central 42.3405419 -71.0815693 2013-02-14 09:31:20
0583 BMC 42.3651548 -71.1034911 2013-02-14 09:32:21
0504 BMC 42.3530752 -71.0906156 2013-02-14 09:32:21
0589 Central 42.3423030 -71.0840655 2013-02-14 09:32:21
0583 BMC 42.3646948 -71.1028609 2013-02-14 09:33:21
0504 BMC 42.3510362 -71.0895878 2013-02-14 09:33:21
0589 Central 42.3440962 -71.0861606 2013-02-14 09:33:21
0583 BMC 42.3643223 -71.1020032 2013-02-14 09:34:21
0504 BMC 42.3502432 -71.0891776 2013-02-14 09:34:21
0589 Central 42.3440962 -71.0861606 2013-02-14 09:34:21
0583 BMC 42.3632629 -71.1002253 2013-02-14 09:35:22
0504 BMC 42.3476842 -71.0879980 2013-02-14 09:35:22
0589 Central 42.3484150 -71.0882704 2013-02-14 09:35:22
0583 BMC 42.3622648 -71.0984399 2013-02-14 09:36:22
0504 BMC 42.3468169 -71.0875086 2013-02-14 09:36:22
0589 Central 42.3505978 -71.0893020 2013-02-14 09:36:22
0583 BMC 42.3608731 -71.0962518 2013-02-14 09:37:23
0504 BMC 42.3439245 -71.0861277 2013-02-14 09:37:23
0589 Central 42.3517393 -71.0898823 2013-02-14 09:37:23
0583 BMC 42.3593852 -71.0939256 2013-02-14 09:38:23
0504 BMC 42.3434836 -71.0859183 2013-02-14 09:38:23
0589 Central 42.3569730 -71.0924318 2013-02-14 09:38:23
0583 BMC 42.3579952 -71.0930261 2013-02-14 09:39:23
0504 BMC 42.3430571 -71.0854504 2013-02-14 09:39:23
0589 Central 42.3592757 -71.0936752 2013-02-14 09:39:23
0583 BMC 42.3502642 -71.0892128 2013-02-14 09:40:24
0504 BMC 42.3427691 -71.0849458 2013-02-14 09:40:24
0589 Central 42.3599100 -71.0943284 2013-02-14 09:40:24
0583 BMC 42.3478517 -71.0880669 2013-02-14 09:41:24
0504 BMC 42.3422900 -71.0842636 2013-02-14 09:41:24
0589 Central 42.3616667 -71.0974200 2013-02-14 09:41:24
0583 BMC 42.3467131 -71.0874338 2013-02-14 09:42:24
0504 BMC 42.3415344 -71.0832114 2013-02-14 09:42:24
0589 Central 42.3635053 -71.1005215 2013-02-14 09:42:24
0583 BMC 42.3438845 -71.0860809 2013-02-14 09:43:25
0504 BMC 42.3409985 -71.0824231 2013-02-14 09:43:25
0589 Central 42.3642604 -71.1030809 2013-02-14 09:43:25
0583 BMC 42.3430574 -71.0853908 2013-02-14 09:44:25
0504 BMC 42.3398909 -71.0810434 2013-02-14 09:44:25
0589 BMC 42.3649033 -71.1043786 2013-02-14 09:44:25
0583 BMC 42.3425887 -71.0847173 2013-02-14 09:45:25
0504 BMC 42.3384230 -71.0794418 2013-02-14 09:45:25
0589 BMC 42.3650809 -71.1045740 2013-02-14 09:45:25
0583 BMC 42.3410098 -71.0823542 2013-02-14 09:46:26
0504 BMC 42.3361878 -71.0767621 2013-02-14 09:46:26
0589 BMC 42.3650809 -71.1045740 2013-02-14 09:46:26
0583 BMC 42.3389234 -71.0798884 2013-02-14 09:47:26
0504 BMC 42.3356663 -71.0761069 2013-02-14 09:47:26
0589 BMC 42.3650809 -71.1045740 2013-02-14 09:47:26
0583 BMC 42.3356704 -71.0759748 2013-02-14 09:48:27
0504 BMC 42.3343149 -71.0744194 2013-02-14 09:48:27
0589 BMC 42.3651600 -71.1044931 2013-02-14 09:48:27
0583 BMC 42.3351473 -71.0753266 2013-02-14 09:49:27
0504 BMC 42.3336883 -71.0736127 2013-02-14 09:49:27
0589 BMC 42.3651600 -71.1044931 2013-02-14 09:49:27
0583 BMC 42.3350113 -71.0750595 2013-02-14 09:50:27
0504 BMC 42.3342738 -71.0724831 2013-02-14 09:50:27
0589 BMC 42.3651600 -71.1044931 2013-02-14 09:50:27
0570 Central 42.3406088 -71.0643765 2013-02-14 09:50:27
0583 BMC 42.3342944 -71.0742068 2013-02-14 09:51:28
0504 Central 42.3362883 -71.0705531 2013-02-14 09:51:28
0589 BMC 42.3651600 -71.1044931 2013-02-14 09:51:28
0570 Central 42.3406179 -71.0643593 2013-02-14 09:51:28
0583 BMC 42.3337814 -71.0735636 2013-02-14 09:52:28
0504 Central 42.3368847 -71.0713235 2013-02-14 09:52:28
0589 BMC 42.3651600 -71.1044931 2013-02-14 09:52:28
0570 Central 42.3406179 -71.0643593 2013-02-14 09:52:28
0583 BMC 42.3337277 -71.0731322 2013-02-14 09:53:29
0504 Central 42.3374679 -71.0719747 2013-02-14 09:53:29
0589 BMC 42.3651600 -71.1044931 2013-02-14 09:53:29
0570 Central 42.3406248 -71.0643575 2013-02-14 09:53:29
0583 BMC 42.3347223 -71.0718017 2013-02-14 09:54:29
0504 Central 42.3365931 -71.0731000 2013-02-14 09:54:29
0589 BMC 42.3651600 -71.1044931 2013-02-14 09:54:29
0570 Central 42.3406334 -71.0643719 2013-02-14 09:54:29
0583 BMC 42.3360350 -71.0701534 2013-02-14 09:55:29
0504 Central 42.3356909 -71.0723407 2013-02-14 09:55:29
0589 BMC 42.3651600 -71.1044931 2013-02-14 09:55:29
0570 Central 42.3406265 -71.0643696 2013-02-14 09:55:29
0583 None 42.3368783 -71.0713066 2013-02-14 09:56:30
0504 Central 42.3351771 -71.0717646 2013-02-14 09:56:30
0589 BMC 42.3651600 -71.1044931 2013-02-14 09:56:30
0570 Central 42.3406195 -71.0643512 2013-02-14 09:56:30
0504 Central 42.3351771 -71.0717646 2013-02-14 09:57:30
0589 BMC 42.3651600 -71.1044931 2013-02-14 09:57:30
0570 Central 42.3406139 -71.0643666 2013-02-14 09:57:30
0504 Central 42.3338014 -71.0731511 2013-02-14 09:58:30
0589 BMC 42.3651600 -71.1044931 2013-02-14 09:58:30
0570 Central 42.3406185 -71.0643656 2013-02-14 09:58:30
0504 Central 42.3348538 -71.0747891 2013-02-14 09:59:31
0589 BMC 42.3654366 -71.1040939 2013-02-14 09:59:31
0570 Central 42.3406116 -71.0643793 2013-02-14 09:59:31
0504 Central 42.3355583 -71.0756705 2013-02-14 10:00:31
0589 BMC 42.3651680 -71.1033680 2013-02-14 10:00:31
0570 Central 42.3406195 -71.0643638 2013-02-14 10:00:31
0504 Central 42.3367354 -71.0771378 2013-02-14 10:01:32
0589 BMC 42.3647899 -71.1028414 2013-02-14 10:01:32
0570 Central 42.3398106 -71.0648463 2013-02-14 10:01:32
0504 Central 42.3369168 -71.0773880 2013-02-14 10:02:32
0589 BMC 42.3640903 -71.1015614 2013-02-14 10:02:32
0570 Central 42.3366823 -71.0690926 2013-02-14 10:02:32
0504 Central 42.3397560 -71.0806953 2013-02-14 10:03:32
0589 BMC 42.3629369 -71.0996695 2013-02-14 10:03:32
0570 Central 42.3365433 -71.0708205 2013-02-14 10:03:32
0504 Central 42.3404183 -71.0814007 2013-02-14 10:04:33
0589 BMC 42.3622580 -71.0985436 2013-02-14 10:04:33
0570 Central 42.3368540 -71.0712322 2013-02-14 10:04:33
0504 Central 42.3415747 -71.0830484 2013-02-14 10:05:33
0589 BMC 42.3622580 -71.0985436 2013-02-14 10:05:33
0570 Central 42.3370167 -71.0714081 2013-02-14 10:05:33
0504 Central 42.3422255 -71.0839940 2013-02-14 10:06:33
0589 BMC 42.3597719 -71.0944155 2013-02-14 10:06:33
0570 Central 42.3365988 -71.0731109 2013-02-14 10:06:33
0504 Central 42.3439801 -71.0861265 2013-02-14 10:07:34
0589 BMC 42.3580037 -71.0930776 2013-02-14 10:07:34
0570 Central 42.3354531 -71.0720950 2013-02-14 10:07:34
0504 Central 42.3454890 -71.0868543 2013-02-14 10:08:34
0589 BMC 42.3575024 -71.0928576 2013-02-14 10:08:34
0570 Central 42.3343260 -71.0724103 2013-02-14 10:08:34
0504 Central 42.3459166 -71.0870453 2013-02-14 10:09:35
0589 BMC 42.3501719 -71.0891739 2013-02-14 10:09:35
0570 Central 42.3356549 -71.0758191 2013-02-14 10:09:35
0504 Central 42.3467958 -71.0874788 2013-02-14 10:10:35
0589 BMC 42.3484823 -71.0883531 2013-02-14 10:10:35
0570 Central 42.3362733 -71.0766025 2013-02-14 10:10:35
0504 Central 42.3478002 -71.0879529 2013-02-14 10:11:35
0589 BMC 42.3474981 -71.0878744 2013-02-14 10:11:35
0570 Central 42.3397621 -71.0807396 2013-02-14 10:11:35
0504 Central 42.3483085 -71.0882151 2013-02-14 10:12:36
0589 BMC 42.3457571 -71.0870167 2013-02-14 10:12:36
0570 Central 42.3406122 -71.0817304 2013-02-14 10:12:36
0504 Central 42.3516964 -71.0898472 2013-02-14 10:13:37
0589 BMC 42.3431072 -71.0854819 2013-02-14 10:13:37
0570 Central 42.3420145 -71.0838540 2013-02-14 10:13:37
0504 Central 42.3568130 -71.0923511 2013-02-14 10:14:37
0589 BMC 42.3430404 -71.0853783 2013-02-14 10:14:37
0570 Central 42.3421227 -71.0841033 2013-02-14 10:14:37
0504 Central 42.3591256 -71.0935921 2013-02-14 10:15:37
0589 BMC 42.3430404 -71.0853783 2013-02-14 10:15:37
0570 Central 42.3443201 -71.0863575 2013-02-14 10:15:37
0504 Central 42.3598871 -71.0943966 2013-02-14 10:16:38
0589 BMC 42.3388915 -71.0799700 2013-02-14 10:16:38
0570 Central 42.3460734 -71.0871754 2013-02-14 10:16:38
0504 Central 42.3604107 -71.0952675 2013-02-14 10:17:38
0589 BMC 42.3363127 -71.0768690 2013-02-14 10:17:38
0570 Central 42.3472704 -71.0877487 2013-02-14 10:17:38
0504 Central 42.3634589 -71.1004476 2013-02-14 10:18:39
0589 BMC 42.3355767 -71.0759616 2013-02-14 10:18:39
0570 Central 42.3483355 -71.0882887 2013-02-14 10:18:39
0504 Central 42.3646902 -71.1025389 2013-02-14 10:19:39
0589 BMC 42.3340948 -71.0741234 2013-02-14 10:19:39
0570 Central 42.3504682 -71.0893205 2013-02-14 10:19:39
0504 Central 42.3651279 -71.1045305 2013-02-14 10:20:39
0589 BMC 42.3337586 -71.0736492 2013-02-14 10:20:39
0570 Central 42.3516968 -71.0899255 2013-02-14 10:20:39
0504 None 42.3652643 -71.1035461 2013-02-14 10:21:40
0589 BMC 42.3339009 -71.0729675 2013-02-14 10:21:40
0570 Central 42.3569134 -71.0923843 2013-02-14 10:21:40
0589 BMC 42.3362165 -71.0704359 2013-02-14 10:22:40
0570 Central 42.3589256 -71.0934535 2013-02-14 10:22:40
0589 BMC 42.3364759 -71.0707434 2013-02-14 10:23:40
0570 Central 42.3598722 -71.0943651 2013-02-14 10:23:40
0589 Central 42.3364759 -71.0707434 2013-02-14 10:24:41
0570 Central 42.3614988 -71.0971571 2013-02-14 10:24:41
0589 Central 42.3365210 -71.0707917 2013-02-14 10:25:41
0570 Central 42.3634526 -71.1004401 2013-02-14 10:25:41
0589 Central 42.3365211 -71.0707917 2013-02-14 10:26:42
0570 Central 42.3642077 -71.1032505 2013-02-14 10:26:42
0589 Central 42.3366380 -71.0710015 2013-02-14 10:27:42
0570 BMC 42.3648781 -71.1043827 2013-02-14 10:27:42
0589 Central 42.3368374 -71.0712492 2013-02-14 10:28:42
0570 BMC 42.3651732 -71.1058792 2013-02-14 10:28:42
0589 Central 42.3369874 -71.0714170 2013-02-14 10:29:43
0570 BMC 42.3648964 -71.1046909 2013-02-14 10:29:43
0589 Central 42.3373474 -71.0718206 2013-02-14 10:30:43
0570 BMC 42.3654734 -71.1039890 2013-02-14 10:30:43
0589 Central 42.3360952 -71.0728111 2013-02-14 10:31:43
0570 BMC 42.3648242 -71.1027715 2013-02-14 10:31:43
0589 Central 42.3360952 -71.0728111 2013-02-14 10:32:44
0570 BMC 42.3647973 -71.1029061 2013-02-14 10:32:44
0589 Central 42.3353138 -71.0718988 2013-02-14 10:33:44
0570 BMC 42.3632051 -71.1001749 2013-02-14 10:33:44
0589 Central 42.3345611 -71.0720266 2013-02-14 10:34:44
0570 BMC 42.3626785 -71.0993154 2013-02-14 10:34:44
0589 Central 42.3345611 -71.0720266 2013-02-14 10:35:45
0570 BMC 42.3622499 -71.0984938 2013-02-14 10:35:45
0589 Central 42.3347807 -71.0747471 2013-02-14 10:36:45
0570 BMC 42.3606451 -71.0958674 2013-02-14 10:36:45
0589 Central 42.3347809 -71.0747470 2013-02-14 10:37:46
0570 BMC 42.3601128 -71.0949747 2013-02-14 10:37:46
0589 Central 42.3358428 -71.0761133 2013-02-14 10:38:46
0570 BMC 42.3581945 -71.0931669 2013-02-14 10:38:46
0589 Central 42.3363192 -71.0767136 2013-02-14 10:39:46
0570 BMC 42.3569833 -71.0926078 2013-02-14 10:39:46
0589 Central 42.3369710 -71.0774893 2013-02-14 10:40:47
0570 BMC 42.3503497 -71.0891737 2013-02-14 10:40:47
0589 Central 42.3391299 -71.0801095 2013-02-14 10:41:47
0570 BMC 42.3494263 -71.0887457 2013-02-14 10:41:47
0589 Central 42.3397751 -71.0807650 2013-02-14 10:42:47
0570 BMC 42.3477580 -71.0879820 2013-02-14 10:42:47
0589 Central 42.3415109 -71.0830493 2013-02-14 10:43:48
0570 BMC 42.3468700 -71.0874607 2013-02-14 10:43:48
0589 Central 42.3422581 -71.0841249 2013-02-14 10:44:48
0570 BMC 42.3437287 -71.0859867 2013-02-14 10:44:48
0589 Central 42.3425729 -71.0846687 2013-02-14 10:45:48
0570 BMC 42.3430164 -71.0852908 2013-02-14 10:45:48
0589 Central 42.3440347 -71.0861499 2013-02-14 10:46:49
0570 BMC 42.3422953 -71.0841784 2013-02-14 10:46:49
0589 Central 42.3470271 -71.0875846 2013-02-14 10:47:49
0570 BMC 42.3411348 -71.0824275 2013-02-14 10:47:49
0589 Central 42.3477477 -71.0879201 2013-02-14 10:48:50
0570 BMC 42.3411348 -71.0824275 2013-02-14 10:48:50
0589 Central 42.3485408 -71.0883525 2013-02-14 10:49:50
0570 BMC 42.3387849 -71.0795974 2013-02-14 10:49:50
0589 Central 42.3505923 -71.0893113 2013-02-14 10:50:50
0570 BMC 42.3352498 -71.0753199 2013-02-14 10:50:50
0589 Central 42.3516158 -71.0898220 2013-02-14 10:51:51
0570 BMC 42.3348110 -71.0748070 2013-02-14 10:51:51
0589 Central 42.3516158 -71.0898220 2013-02-14 10:52:54
0570 BMC 42.3343988 -71.0742334 2013-02-14 10:52:54
0589 Central 42.3599002 -71.0943823 2013-02-14 10:53:54
0570 BMC 42.3338059 -71.0735354 2013-02-14 10:53:54
0589 Central 42.3611017 -71.0964226 2013-02-14 10:54:54
0570 BMC 42.3340954 -71.0726765 2013-02-14 10:54:54
0589 Central 42.3634629 -71.1004138 2013-02-14 10:55:55
0570 BMC 42.3354213 -71.0708840 2013-02-14 10:55:55
0589 Central 42.3646873 -71.1025337 2013-02-14 10:56:55
0570 Central 42.3362599 -71.0703685 2013-02-14 10:56:55
0589 Central 42.3648896 -71.1044703 2013-02-14 10:57:56
0570 Central 42.3366252 -71.0709356 2013-02-14 10:57:56
0589 BMC 42.3653262 -71.1042406 2013-02-14 10:58:56
0570 Central 42.3366254 -71.0709347 2013-02-14 10:58:56
0589 BMC 42.3653015 -71.1036029 2013-02-14 10:59:56
0570 Central 42.3368629 -71.0712806 2013-02-14 10:59:56
0589 BMC 42.3646203 -71.1025205 2013-02-14 11:00:57
0570 Central 42.3365765 -71.0730475 2013-02-14 11:00:57
0589 BMC 42.3646203 -71.1025205 2013-02-14 11:01:57
0570 Central 42.3355622 -71.0721811 2013-02-14 11:01:57
0589 BMC 42.3622390 -71.0984411 2013-02-14 11:02:58
0570 Central 42.3351393 -71.0716472 2013-02-14 11:02:58
0589 BMC 42.3611481 -71.0967463 2013-02-14 11:03:58
0570 Central 42.3347703 -71.0716682 2013-02-14 11:03:58
0589 BMC 42.3611481 -71.0967463 2013-02-14 11:04:59
0570 Central 42.3347703 -71.0716682 2013-02-14 11:04:59
0589 BMC 42.3577918 -71.0929819 2013-02-14 11:05:59
0570 Central 42.3355592 -71.0759089 2013-02-14 11:05:59
0589 BMC 42.3577918 -71.0929819 2013-02-14 11:07:00
0570 Central 42.3368537 -71.0774425 2013-02-14 11:07:00
0589 BMC 42.3498292 -71.0890222 2013-02-14 11:08:00
0570 Central 42.3368537 -71.0774425 2013-02-14 11:08:00
0589 BMC 42.3489887 -71.0886264 2013-02-14 11:09:01
0570 Central 42.3396252 -71.0806153 2013-02-14 11:09:01
0589 BMC 42.3476146 -71.0879427 2013-02-14 11:10:01
0570 Central 42.3397389 -71.0807220 2013-02-14 11:10:01
0589 BMC 42.3451237 -71.0867309 2013-02-14 11:11:01
0570 Central 42.3421744 -71.0840645 2013-02-14 11:11:01
0589 BMC 42.3440401 -71.0861809 2013-02-14 11:12:02
0570 Central 42.3425571 -71.0846462 2013-02-14 11:12:02
0589 BMC 42.3440401 -71.0861809 2013-02-14 11:13:02
0570 Central 42.3439977 -71.0861712 2013-02-14 11:13:02
0589 BMC 42.3427163 -71.0849765 2013-02-14 11:14:03
0570 Central 42.3439977 -71.0861712 2013-02-14 11:14:03
0589 BMC 42.3419130 -71.0838099 2013-02-14 11:15:03
0570 Central 42.3455305 -71.0868730 2013-02-14 11:15:03
0589 BMC 42.3408587 -71.0822605 2013-02-14 11:16:03
0570 Central 42.3458937 -71.0870745 2013-02-14 11:16:03
0589 BMC 42.3388626 -71.0799665 2013-02-14 11:17:04
0570 Central 42.3469095 -71.0875820 2013-02-14 11:17:04
0589 BMC 42.3356967 -71.0761260 2013-02-14 11:18:04
0570 Central 42.3470809 -71.0876600 2013-02-14 11:18:04
0589 BMC 42.3347375 -71.0750597 2013-02-14 11:19:05
0570 Central 42.3484852 -71.0883446 2013-02-14 11:19:05
0589 BMC 42.3340339 -71.0741409 2013-02-14 11:20:05
0570 Central 42.3516771 -71.0898919 2013-02-14 11:20:05
0589 BMC 42.3343879 -71.0722185 2013-02-14 11:21:06
0570 Central 42.3583859 -71.0931040 2013-02-14 11:21:06
0589 BMC 42.3353904 -71.0708045 2013-02-14 11:22:06
0570 Central 42.3598767 -71.0943347 2013-02-14 11:22:06
0589 None 42.3369460 -71.0686221 2013-02-14 11:23:06
0570 Central 42.3613790 -71.0968614 2013-02-14 11:23:06
0589 None 42.3401869 -71.0637538 2013-02-14 11:24:07
0557 Central 42.3405486 -71.0640524 2013-02-14 11:24:07
0570 Central 42.3626905 -71.0990530 2013-02-14 11:24:07
0589 None 42.3407225 -71.0640321 2013-02-14 11:25:07
0557 Central 42.3405422 -71.0640447 2013-02-14 11:25:07
0570 Central 42.3634910 -71.1004595 2013-02-14 11:25:07
0589 None 42.3403801 -71.0654359 2013-02-14 11:26:07
0557 Central 42.3403505 -71.0638658 2013-02-14 11:26:07
0570 Central 42.3646787 -71.1026598 2013-02-14 11:26:07
0589 None 42.3403801 -71.0654359 2013-02-14 11:27:08
0557 Central 42.3398709 -71.0645403 2013-02-14 11:27:08
0570 BMC 42.3648437 -71.1043162 2013-02-14 11:27:08
0589 None 42.3403801 -71.0654359 2013-02-14 11:28:09
0557 Central 42.3361276 -71.0698213 2013-02-14 11:28:09
0570 BMC 42.3652001 -71.1057371 2013-02-14 11:28:09
0589 None 42.3404912 -71.0642574 2013-02-14 11:29:09
0557 Central 42.3361915 -71.0703882 2013-02-14 11:29:09
0570 BMC 42.3649411 -71.1046554 2013-02-14 11:29:09
0589 None 42.3404912 -71.0642574 2013-02-14 11:30:09
0557 Central 42.3365153 -71.0707878 2013-02-14 11:30:09
0570 BMC 42.3651073 -71.1045402 2013-02-14 11:30:09
0589 None 42.3404912 -71.0642574 2013-02-14 11:31:10
0557 Central 42.3370913 -71.0715066 2013-02-14 11:31:10
0570 BMC 42.3651033 -71.1045328 2013-02-14 11:31:10
0589 None 42.3404912 -71.0642574 2013-02-14 11:32:10
0557 Central 42.3371149 -71.0725075 2013-02-14 11:32:10
0570 BMC 42.3651233 -71.1046147 2013-02-14 11:32:10
0589 None 42.3404912 -71.0642574 2013-02-14 11:33:10
0557 Central 42.3357839 -71.0724872 2013-02-14 11:33:10
0570 BMC 42.3651600 -71.1046176 2013-02-14 11:33:10
0589 None 42.3404912 -71.0642574 2013-02-14 11:34:11
0557 Central 42.3352512 -71.0718550 2013-02-14 11:34:11
0570 BMC 42.3651646 -71.1046170 2013-02-14 11:34:11
0589 None 42.3404912 -71.0642574 2013-02-14 11:35:11
0557 Central 42.3352400 -71.0718510 2013-02-14 11:35:11
0570 BMC 42.3651186 -71.1045884 2013-02-14 11:35:11
0589 None 42.3404912 -71.0642574 2013-02-14 11:36:12
0557 Central 42.3337700 -71.0732190 2013-02-14 11:36:12
0570 BMC 42.3652637 -71.1035301 2013-02-14 11:36:12
0589 None 42.3404912 -71.0642574 2013-02-14 11:37:12
0557 Central 42.3342876 -71.0741898 2013-02-14 11:37:12
0570 BMC 42.3648201 -71.1028729 2013-02-14 11:37:12
0589 None 42.3404912 -71.0642574 2013-02-14 11:38:12
0557 Central 42.3354963 -71.0755836 2013-02-14 11:38:12
0570 BMC 42.3621044 -71.0982027 2013-02-14 11:38:12
0589 None 42.3404912 -71.0642574 2013-02-14 11:39:13
0557 Central 42.3367441 -71.0771500 2013-02-14 11:39:13
0570 BMC 42.3603976 -71.0954766 2013-02-14 11:39:13
0589 None 42.3404912 -71.0642574 2013-02-14 11:40:13
0557 Central 42.3368993 -71.0774551 2013-02-14 11:40:13
0570 BMC 42.3592694 -71.0938235 2013-02-14 11:40:13
0589 None 42.3404912 -71.0642574 2013-02-14 11:41:13
0557 Central 42.3368993 -71.0774551 2013-02-14 11:41:13
0570 BMC 42.3581298 -71.0931109 2013-02-14 11:41:13
0589 None 42.3404912 -71.0642574 2013-02-14 11:42:14
0557 Central 42.3395250 -71.0804083 2013-02-14 11:42:14
0570 BMC 42.3503739 -71.0892068 2013-02-14 11:42:14
0589 None 42.3404912 -71.0642574 2013-02-14 11:43:14
0557 Central 42.3397537 -71.0806623 2013-02-14 11:43:14
0570 BMC 42.3495993 -71.0888452 2013-02-14 11:43:14
0589 None 42.3404912 -71.0642574 2013-02-14 11:44:15
0557 Central 42.3422207 -71.0839573 2013-02-14 11:44:15
0570 BMC 42.3478191 -71.0880293 2013-02-14 11:44:15
0589 None 42.3404912 -71.0642574 2013-02-14 11:45:15
0557 Central 42.3427247 -71.0849300 2013-02-14 11:45:15
0570 BMC 42.3458830 -71.0870242 2013-02-14 11:45:15
0589 None 42.3404912 -71.0642574 2013-02-14 11:46:15
0557 Central 42.3437189 -71.0860402 2013-02-14 11:46:15
0570 BMC 42.3443306 -71.0862742 2013-02-14 11:46:15
0589 None 42.3404912 -71.0642574 2013-02-14 11:47:16
0557 Central 42.3442429 -71.0862442 2013-02-14 11:47:16
0570 BMC 42.3439240 -71.0860850 2013-02-14 11:47:16
0589 None 42.3404912 -71.0642574 2013-02-14 11:48:16
0557 Central 42.3458206 -71.0870009 2013-02-14 11:48:16
0570 BMC 42.3435681 -71.0859140 2013-02-14 11:48:16
0589 None 42.3404912 -71.0642574 2013-02-14 11:49:16
0557 Central 42.3458206 -71.0870009 2013-02-14 11:49:16
0570 BMC 42.3435683 -71.0859133 2013-02-14 11:49:16
0589 None 42.3404912 -71.0642574 2013-02-14 11:50:17
0557 Central 42.3458206 -71.0870009 2013-02-14 11:50:17
0570 BMC 42.3431002 -71.0854167 2013-02-14 11:50:17
0589 None 42.3404912 -71.0642574 2013-02-14 11:51:17
0557 Central 42.3483718 -71.0881909 2013-02-14 11:51:17
0570 BMC 42.3423297 -71.0842842 2013-02-14 11:51:17
0589 None 42.3404912 -71.0642574 2013-02-14 11:52:18
0557 Central 42.3513261 -71.0896746 2013-02-14 11:52:18
0570 BMC 42.3416089 -71.0831867 2013-02-14 11:52:18
0589 None 42.3404912 -71.0642574 2013-02-14 11:53:18
0557 Central 42.3570303 -71.0924376 2013-02-14 11:53:18
0570 BMC 42.3409989 -71.0822855 2013-02-14 11:53:18
0402 Central 42.3406037 -71.0642847 2013-02-14 11:54:18
0589 None 42.3404912 -71.0642574 2013-02-14 11:54:18
0557 Central 42.3592998 -71.0936545 2013-02-14 11:54:18
0570 BMC 42.3388070 -71.0796629 2013-02-14 11:54:18
0402 Central 42.3406095 -71.0642737 2013-02-14 11:55:19
0557 Central 42.3598258 -71.0942814 2013-02-14 11:55:19
0570 BMC 42.3355954 -71.0757734 2013-02-14 11:55:19
0402 Central 42.3406228 -71.0643156 2013-02-14 11:56:19
0557 Central 42.3605414 -71.0954205 2013-02-14 11:56:19
0570 BMC 42.3348107 -71.0748500 2013-02-14 11:56:19
0402 Central 42.3405940 -71.0643158 2013-02-14 11:57:19
0557 Central 42.3633403 -71.1001634 2013-02-14 11:57:19
0570 BMC 42.3344108 -71.0743187 2013-02-14 11:57:19
0402 Central 42.3405859 -71.0643081 2013-02-14 11:58:20
0557 Central 42.3634703 -71.1003932 2013-02-14 11:58:20
0570 BMC 42.3339103 -71.0736985 2013-02-14 11:58:20
0402 Central 42.3405046 -71.0640477 2013-02-14 11:59:20
0557 Central 42.3649239 -71.1045207 2013-02-14 11:59:20
0570 BMC 42.3341228 -71.0726463 2013-02-14 11:59:20
0402 Central 42.3398983 -71.0645902 2013-02-14 12:00:20
0557 BMC 42.3649829 -71.1059617 2013-02-14 12:00:20
0570 BMC 42.3357335 -71.0703877 2013-02-14 12:00:20
0402 Central 42.3363506 -71.0695176 2013-02-14 12:01:21
0557 BMC 42.3647125 -71.1049659 2013-02-14 12:01:21
0570 None 42.3365621 -71.0708436 2013-02-14 12:01:21
0402 Central 42.3360344 -71.0700649 2013-02-14 12:02:21
0557 BMC 42.3651480 -71.1044497 2013-02-14 12:02:21
0570 None 42.3381277 -71.0711566 2013-02-14 12:02:21
0402 Central 42.3368940 -71.0712476 2013-02-14 12:03:22
0557 BMC 42.3654826 -71.1038389 2013-02-14 12:03:22
0402 Central 42.3371787 -71.0716329 2013-02-14 12:04:22
0557 BMC 42.3647893 -71.1028007 2013-02-14 12:04:22
0402 Central 42.3358273 -71.0724920 2013-02-14 12:05:22
0557 BMC 42.3640760 -71.1015500 2013-02-14 12:05:22
0402 Central 42.3350667 -71.0716264 2013-02-14 12:06:23
0557 BMC 42.3621056 -71.0981884 2013-02-14 12:06:23
0402 Central 42.3350667 -71.0716264 2013-02-14 12:07:23
0557 BMC 42.3605838 -71.0956090 2013-02-14 12:07:23
0402 Central 42.3353765 -71.0755514 2013-02-14 12:08:24
0557 BMC 42.3597324 -71.0943043 2013-02-14 12:08:24
0402 Central 42.3361763 -71.0765263 2013-02-14 12:09:24
0557 BMC 42.3581613 -71.0931601 2013-02-14 12:09:24
0402 Central 42.3368232 -71.0772935 2013-02-14 12:10:24
0557 BMC 42.3513104 -71.0897583 2013-02-14 12:10:24
0402 Central 42.3397377 -71.0807227 2013-02-14 12:11:25
0557 BMC 42.3501418 -71.0891580 2013-02-14 12:11:25
0402 Central 42.3408515 -71.0821514 2013-02-14 12:12:25
0557 BMC 42.3496052 -71.0888985 2013-02-14 12:12:25
0402 Central 42.3418127 -71.0835661 2013-02-14 12:13:25
0557 BMC 42.3461437 -71.0872264 2013-02-14 12:13:25
0402 Central 42.3420984 -71.0839443 2013-02-14 12:14:26
0557 BMC 42.3438529 -71.0861131 2013-02-14 12:14:26
0402 Central 42.3423603 -71.0843650 2013-02-14 12:15:26
0557 BMC 42.3430379 -71.0853817 2013-02-14 12:15:26
0402 Central 42.3437960 -71.0861594 2013-02-14 12:16:27
0557 BMC 42.3429771 -71.0852903 2013-02-14 12:16:27
0402 Central 42.3468410 -71.0874973 2013-02-14 12:17:27
0557 BMC 42.3410883 -71.0825722 2013-02-14 12:17:27
0402 Central 42.3478408 -71.0879997 2013-02-14 12:18:27
0557 BMC 42.3404064 -71.0816145 2013-02-14 12:18:27
0402 Central 42.3484469 -71.0883262 2013-02-14 12:19:28
0557 BMC 42.3388300 -71.0799370 2013-02-14 12:19:28
0402 Central 42.3506298 -71.0894019 2013-02-14 12:20:28
0557 BMC 42.3356632 -71.0761056 2013-02-14 12:20:28
0402 Central 42.3516296 -71.0899021 2013-02-14 12:21:28
0557 BMC 42.3342679 -71.0744108 2013-02-14 12:21:28
0402 Central 42.3597043 -71.0941273 2013-02-14 12:22:29
0557 BMC 42.3342679 -71.0744108 2013-02-14 12:22:29
0402 Central 42.3614323 -71.0969067 2013-02-14 12:23:29
0557 BMC 42.3335800 -71.0734243 2013-02-14 12:23:29
0402 Central 42.3629226 -71.0994443 2013-02-14 12:24:29
0557 BMC 42.3335800 -71.0734243 2013-02-14 12:24:29
0402 Central 42.3634732 -71.1004636 2013-02-14 12:25:30
0557 BMC 42.3362089 -71.0704982 2013-02-14 12:25:30
0402 Central 42.3643470 -71.1018370 2013-02-14 12:26:30
0557 BMC 42.3365558 -71.0708845 2013-02-14 12:26:30
0402 Central 42.3646713 -71.1039610 2013-02-14 12:27:31
0557 Central 42.3365558 -71.0708844 2013-02-14 12:27:31
0402 BMC 42.3648231 -71.1042875 2013-02-14 12:28:31
0557 Central 42.3365558 -71.0708844 2013-02-14 12:28:31
0402 BMC 42.3649056 -71.1045230 2013-02-14 12:29:31
0557 Central 42.3365558 -71.0708844 2013-02-14 12:29:31
0402 BMC 42.3652517 -71.1034270 2013-02-14 12:30:32
0557 Central 42.3366448 -71.0710309 2013-02-14 12:30:32
0402 BMC 42.3648334 -71.1028265 2013-02-14 12:31:32
0557 Central 42.3369035 -71.0713284 2013-02-14 12:31:32
0402 BMC 42.3630796 -71.0998907 2013-02-14 12:32:33
0557 Central 42.3367531 -71.0729086 2013-02-14 12:32:33
0402 BMC 42.3623055 -71.0985173 2013-02-14 12:33:33
0557 Central 42.3358034 -71.0724709 2013-02-14 12:33:33
0402 BMC 42.3605448 -71.0956193 2013-02-14 12:34:34
0557 Central 42.3338860 -71.0730472 2013-02-14 12:34:34
0402 BMC 42.3590110 -71.0936174 2013-02-14 12:35:34
0557 Central 42.3338203 -71.0731282 2013-02-14 12:35:34
0402 BMC 42.3581097 -71.0930793 2013-02-14 12:36:35
0557 Central 42.3343049 -71.0741577 2013-02-14 12:36:35
0402 BMC 42.3522019 -71.0902125 2013-02-14 12:37:35
0557 Central 42.3346936 -71.0746273 2013-02-14 12:37:35
0402 BMC 42.3508507 -71.0895222 2013-02-14 12:38:35
0557 Central 42.3369684 -71.0774401 2013-02-14 12:38:35
0402 BMC 42.3503041 -71.0892293 2013-02-14 12:39:36
0557 Central 42.3397134 -71.0806757 2013-02-14 12:39:36
0402 BMC 42.3503041 -71.0892293 2013-02-14 12:40:36
0557 Central 42.3416160 -71.0830864 2013-02-14 12:40:36
0402 BMC 42.3503041 -71.0892293 2013-02-14 12:41:36
0557 Central 42.3416160 -71.0830864 2013-02-14 12:41:36
0402 BMC 42.3447228 -71.0865351 2013-02-14 12:42:37
0557 Central 42.3431923 -71.0856070 2013-02-14 12:42:37
0402 BMC 42.3435952 -71.0859758 2013-02-14 12:43:38
0557 Central 42.3447294 -71.0864507 2013-02-14 12:43:38
0402 BMC 42.3435952 -71.0859758 2013-02-14 12:44:38
0557 Central 42.3447294 -71.0864507 2013-02-14 12:44:38
0402 BMC 42.3430503 -71.0853843 2013-02-14 12:45:39
0557 Central 42.3447294 -71.0864507 2013-02-14 12:45:39
0402 BMC 42.3423174 -71.0843753 2013-02-14 12:46:39
0557 Central 42.3484419 -71.0883875 2013-02-14 12:46:39
0402 BMC 42.3410807 -71.0824525 2013-02-14 12:47:39
0557 Central 42.3516657 -71.0898252 2013-02-14 12:47:39
0402 BMC 42.3387750 -71.0797771 2013-02-14 12:48:40
0557 Central 42.3516657 -71.0898252 2013-02-14 12:48:40
0402 BMC 42.3387750 -71.0797771 2013-02-14 12:49:40
0557 Central 42.3597713 -71.0942613 2013-02-14 12:49:40
0402 BMC 42.3343511 -71.0743246 2013-02-14 12:50:40
0557 Central 42.3597713 -71.0942613 2013-02-14 12:50:40
0402 BMC 42.3337123 -71.0736097 2013-02-14 12:51:41
0557 Central 42.3627501 -71.0991430 2013-02-14 12:51:41
0402 BMC 42.3343501 -71.0723547 2013-02-14 12:52:41
0557 Central 42.3635179 -71.1005152 2013-02-14 12:52:41
0402 BMC 42.3344882 -71.0721454 2013-02-14 12:53:42
0557 Central 42.3646690 -71.1024713 2013-02-14 12:53:42
0402 BMC 42.3353971 -71.0708714 2013-02-14 12:54:42
0557 Central 42.3646002 -71.1027600 2013-02-14 12:54:42
0402 BMC 42.3362141 -71.0704365 2013-02-14 12:55:42
0557 Central 42.3642198 -71.1031479 2013-02-14 12:55:42
0402 Central 42.3362141 -71.0704365 2013-02-14 12:56:43
0557 Central 42.3651273 -71.1048439 2013-02-14 12:56:43
0402 Central 42.3368898 -71.0712836 2013-02-14 12:57:43
0557 Central 42.3646730 -71.1049654 2013-02-14 12:57:43
0402 Central 42.3370545 -71.0724969 2013-02-14 12:58:44
0557 BMC 42.3652058 -71.1044789 2013-02-14 12:58:44
0402 Central 42.3366503 -71.0729801 2013-02-14 12:59:44
0557 BMC 42.3652086 -71.1044967 2013-02-14 12:59:44
0402 Central 42.3356224 -71.0722667 2013-02-14 13:00:44
0557 BMC 42.3652603 -71.1035456 2013-02-14 13:00:44
0402 Central 42.3352956 -71.0718725 2013-02-14 13:01:45
0557 BMC 42.3647629 -71.1028924 2013-02-14 13:01:45
0402 Central 42.3350668 -71.0716115 2013-02-14 13:02:45
0557 BMC 42.3631363 -71.1000259 2013-02-14 13:02:45
0402 Central 42.3343216 -71.0743268 2013-02-14 13:03:46
0557 BMC 42.3621818 -71.0983872 2013-02-14 13:03:46
0402 Central 42.3348049 -71.0748021 2013-02-14 13:04:46
0557 BMC 42.3609814 -71.0963590 2013-02-14 13:04:46
0402 Central 42.3354223 -71.0756199 2013-02-14 13:05:46
0557 BMC 42.3590975 -71.0937119 2013-02-14 13:05:46
0402 Central 42.3363952 -71.0768746 2013-02-14 13:06:47
0557 BMC 42.3582031 -71.0932220 2013-02-14 13:06:47
0402 Central 42.3397985 -71.0808100 2013-02-14 13:07:47
0557 BMC 42.3566292 -71.0923907 2013-02-14 13:07:47
0402 Central 42.3414992 -71.0830189 2013-02-14 13:08:48
0557 BMC 42.3516908 -71.0899287 2013-02-14 13:08:48
0402 Central 42.3421014 -71.0838872 2013-02-14 13:09:48
0557 BMC 42.3502032 -71.0891708 2013-02-14 13:09:48
0402 Central 42.3426500 -71.0847715 2013-02-14 13:10:55
0557 BMC 42.3484715 -71.0883465 2013-02-14 13:10:55
0402 Central 42.3439816 -71.0861636 2013-02-14 13:11:56
0557 BMC 42.3470558 -71.0876304 2013-02-14 13:11:56
0402 Central 42.3439816 -71.0861636 2013-02-14 13:13:05
0557 BMC 42.3470558 -71.0876304 2013-02-14 13:13:05
0402 Central 42.3477771 -71.0879425 2013-02-14 13:14:05
0557 BMC 42.3435781 -71.0859864 2013-02-14 13:14:05
0402 Central 42.3477771 -71.0879415 2013-02-14 13:15:06
0557 BMC 42.3429959 -71.0853125 2013-02-14 13:15:06
0402 Central 42.3483539 -71.0882790 2013-02-14 13:16:06
0557 BMC 42.3425761 -71.0847334 2013-02-14 13:16:06
0402 Central 42.3517299 -71.0898696 2013-02-14 13:17:06
0557 BMC 42.3415856 -71.0833660 2013-02-14 13:17:06
0402 Central 42.3571174 -71.0925024 2013-02-14 13:18:07
0557 BMC 42.3410582 -71.0823862 2013-02-14 13:18:07
0402 Central 42.3599020 -71.0943358 2013-02-14 13:19:07
0557 BMC 42.3395228 -71.0805905 2013-02-14 13:19:07
0402 Central 42.3614375 -71.0969925 2013-02-14 13:20:08
0557 BMC 42.3388479 -71.0797784 2013-02-14 13:20:08
0402 Central 42.3628859 -71.0995073 2013-02-14 13:21:08
0557 BMC 42.3368197 -71.0774711 2013-02-14 13:21:08
0402 Central 42.3634222 -71.1004590 2013-02-14 13:22:08
0557 BMC 42.3355910 -71.0760194 2013-02-14 13:22:08
0402 Central 42.3642186 -71.1031548 2013-02-14 13:23:09
0557 BMC 42.3347480 -71.0750385 2013-02-14 13:23:09
0402 Central 42.3642186 -71.1031548 2013-02-14 13:24:09
0557 BMC 42.3343516 -71.0745022 2013-02-14 13:24:09
0402 BMC 42.3648781 -71.1045351 2013-02-14 13:25:09
0557 BMC 42.3340462 -71.0726991 2013-02-14 13:25:09
0402 BMC 42.3648861 -71.1044600 2013-02-14 13:26:10
0557 BMC 42.3350296 -71.0713265 2013-02-14 13:26:10
0402 BMC 42.3650036 -71.1045649 2013-02-14 13:27:10
0557 BMC 42.3357350 -71.0703632 2013-02-14 13:27:10
0402 BMC 42.3652792 -71.1043947 2013-02-14 13:28:10
0557 Central 42.3362480 -71.0705185 2013-02-14 13:28:10
0402 BMC 42.3652133 -71.1034493 2013-02-14 13:29:11
0557 Central 42.3369509 -71.0713460 2013-02-14 13:29:11
0402 BMC 42.3650322 -71.1028196 2013-02-14 13:30:11
0557 Central 42.3371669 -71.0716596 2013-02-14 13:30:11
0402 BMC 42.3649778 -71.1027383 2013-02-14 13:31:12
0557 Central 42.3374865 -71.0720300 2013-02-14 13:31:12
0402 BMC 42.3635390 -71.1006716 2013-02-14 13:32:12
0557 Central 42.3356325 -71.0722826 2013-02-14 13:32:12
0402 BMC 42.3622540 -71.0984503 2013-02-14 13:33:12
0557 Central 42.3351823 -71.0717419 2013-02-14 13:33:12
0402 BMC 42.3602159 -71.0951712 2013-02-14 13:34:13
0557 Central 42.3341771 -71.0725980 2013-02-14 13:34:13
0402 BMC 42.3590889 -71.0937405 2013-02-14 13:35:13
0557 Central 42.3336984 -71.0732886 2013-02-14 13:35:13
0402 BMC 42.3580364 -71.0931441 2013-02-14 13:36:13
0557 Central 42.3348579 -71.0747679 2013-02-14 13:36:13
0402 BMC 42.3517791 -71.0899884 2013-02-14 13:37:14
0557 Central 42.3348579 -71.0747678 2013-02-14 13:37:14
0402 BMC 42.3504363 -71.0892983 2013-02-14 13:38:14
0557 Central 42.3357499 -71.0759198 2013-02-14 13:38:14
0402 BMC 42.3497305 -71.0889543 2013-02-14 13:39:15
0557 Central 42.3357499 -71.0759198 2013-02-14 13:39:15
0402 BMC 42.3486418 -71.0884021 2013-02-14 13:40:15
0557 Central 42.3368724 -71.0773978 2013-02-14 13:40:15
0402 BMC 42.3478751 -71.0881081 2013-02-14 13:41:15
0557 Central 42.3398105 -71.0807502 2013-02-14 13:41:15
0402 BMC 42.3472573 -71.0877606 2013-02-14 13:42:16
0557 Central 42.3416058 -71.0831039 2013-02-14 13:42:16
0402 BMC 42.3472573 -71.0877606 2013-02-14 13:43:16
0557 Central 42.3422057 -71.0839667 2013-02-14 13:43:16
0402 BMC 42.3438730 -71.0860933 2013-02-14 13:44:17
0557 Central 42.3425157 -71.0845257 2013-02-14 13:44:17
0402 BMC 42.3430412 -71.0853925 2013-02-14 13:45:17
0557 Central 42.3440433 -71.0861614 2013-02-14 13:45:17
0402 BMC 42.3425838 -71.0847339 2013-02-14 13:46:17
0557 Central 42.3461966 -71.0872033 2013-02-14 13:46:17
0402 BMC 42.3425838 -71.0847339 2013-02-14 13:47:18
0557 Central 42.3478147 -71.0879577 2013-02-14 13:47:18
0402 BMC 42.3410594 -71.0824948 2013-02-14 13:48:18
0557 Central 42.3483783 -71.0882988 2013-02-14 13:48:18
0402 BMC 42.3410594 -71.0824948 2013-02-14 13:49:18
0557 Central 42.3562110 -71.0920509 2013-02-14 13:49:18
0402 BMC 42.3388810 -71.0799564 2013-02-14 13:50:19
0557 Central 42.3581499 -71.0930822 2013-02-14 13:50:19
0402 BMC 42.3352332 -71.0755817 2013-02-14 13:51:19
0557 Central 42.3598922 -71.0945450 2013-02-14 13:51:19
0402 BMC 42.3344037 -71.0744753 2013-02-14 13:52:20
0557 Central 42.3610622 -71.0963716 2013-02-14 13:52:20
0402 BMC 42.3338850 -71.0738188 2013-02-14 13:53:20
0557 Central 42.3629192 -71.0994592 2013-02-14 13:53:20
0402 BMC 42.3340986 -71.0726438 2013-02-14 13:54:20
0557 Central 42.3635173 -71.1005530 2013-02-14 13:54:20
0402 BMC 42.3348839 -71.0715685 2013-02-14 13:55:21
0557 Central 42.3648409 -71.1043460 2013-02-14 13:55:21
0402 BMC 42.3356718 -71.0704952 2013-02-14 13:56:21
0557 BMC 42.3651136 -71.1047625 2013-02-14 13:56:21
0402 BMC 42.3362268 -71.0704175 2013-02-14 13:57:22
0557 BMC 42.3649423 -71.1059463 2013-02-14 13:57:22
0402 Central 42.3365444 -71.0708258 2013-02-14 13:58:22
0557 BMC 42.3647543 -71.1048840 2013-02-14 13:58:22
0402 Central 42.3365444 -71.0708258 2013-02-14 13:59:22
0557 BMC 42.3652161 -71.1044652 2013-02-14 13:59:22
0402 Central 42.3365444 -71.0708258 2013-02-14 14:00:23
0557 BMC 42.3651932 -71.1044657 2013-02-14 14:00:23
0402 Central 42.3365444 -71.0708258 2013-02-14 14:01:23
0557 BMC 42.3652436 -71.1035427 2013-02-14 14:01:23
0402 Central 42.3365444 -71.0708258 2013-02-14 14:02:23
0557 BMC 42.3644220 -71.1021722 2013-02-14 14:02:23
0402 Central 42.3365444 -71.0708258 2013-02-14 14:03:24
0557 BMC 42.3631082 -71.1000018 2013-02-14 14:03:24
0402 Central 42.3365444 -71.0708258 2013-02-14 14:04:24
0557 BMC 42.3621720 -71.0983912 2013-02-14 14:04:24
0402 Central 42.3369001 -71.0713476 2013-02-14 14:05:25
0557 BMC 42.3595844 -71.0941376 2013-02-14 14:05:25
0402 Central 42.3374513 -71.0719775 2013-02-14 14:06:25
0557 BMC 42.3586753 -71.0934392 2013-02-14 14:06:25
0402 Central 42.3366163 -71.0731071 2013-02-14 14:07:25
0557 BMC 42.3582031 -71.0931973 2013-02-14 14:07:25
0402 Central 42.3354547 -71.0721572 2013-02-14 14:08:26
0557 BMC 42.3501895 -71.0891834 2013-02-14 14:08:26
0402 Central 42.3347016 -71.0718818 2013-02-14 14:09:26
0557 BMC 42.3495072 -71.0888633 2013-02-14 14:09:26
0402 Central 42.3338039 -71.0731569 2013-02-14 14:10:26
0557 BMC 42.3478786 -71.0881030 2013-02-14 14:10:26
0402 Central 42.3345518 -71.0745095 2013-02-14 14:11:27
0557 BMC 42.3465980 -71.0874225 2013-02-14 14:11:27
0402 Central 42.3348712 -71.0748605 2013-02-14 14:12:27
0557 BMC 42.3435502 -71.0859766 2013-02-14 14:12:27
0402 Central 42.3348712 -71.0748605 2013-02-14 14:13:27
0557 BMC 42.3435502 -71.0859766 2013-02-14 14:13:27
0402 Central 42.3353208 -71.0754130 2013-02-14 14:14:28
0557 BMC 42.3425584 -71.0847428 2013-02-14 14:14:28
0402 Central 42.3394679 -71.0804327 2013-02-14 14:15:29
0557 BMC 42.3411523 -71.0826114 2013-02-14 14:15:29
0402 Central 42.3396874 -71.0807458 2013-02-14 14:16:29
0557 BMC 42.3410572 -71.0824771 2013-02-14 14:16:29
0402 Central 42.3415495 -71.0829785 2013-02-14 14:17:29
0557 BMC 42.3410572 -71.0824771 2013-02-14 14:17:29
0402 Central 42.3421797 -71.0839707 2013-02-14 14:18:30
0557 BMC 42.3387332 -71.0798272 2013-02-14 14:18:30
0402 Central 42.3425099 -71.0845913 2013-02-14 14:19:30
0557 BMC 42.3355601 -71.0759834 2013-02-14 14:19:30
0402 Central 42.3439209 -71.0861464 2013-02-14 14:20:30
0557 BMC 42.3342065 -71.0743854 2013-02-14 14:20:30
0402 Central 42.3439209 -71.0861464 2013-02-14 14:21:31
0557 BMC 42.3337551 -71.0737626 2013-02-14 14:21:31
0402 Central 42.3439209 -71.0861464 2013-02-14 14:22:31
0557 BMC 42.3345754 -71.0720050 2013-02-14 14:22:31
0402 Central 42.3476172 -71.0878864 2013-02-14 14:23:31
0557 BMC 42.3346673 -71.0718646 2013-02-14 14:23:31
0402 Central 42.3483882 -71.0882746 2013-02-14 14:24:32
0557 BMC 42.3361223 -71.0703767 2013-02-14 14:24:32
0402 Central 42.3497437 -71.0889303 2013-02-14 14:25:32
0557 None 42.3364856 -71.0707849 2013-02-14 14:25:32
0402 Central 42.3516457 -71.0898677 2013-02-14 14:26:33
0402 Central 42.3560941 -71.0919896 2013-02-14 14:27:33
0402 Central 42.3565622 -71.0922073 2013-02-14 14:28:33
0402 Central 42.3565622 -71.0922073 2013-02-14 14:29:34
0402 Central 42.3592425 -71.0937663 2013-02-14 14:30:34
0455 Central 42.3405800 -71.0643330 2013-02-14 14:31:34
0402 Central 42.3599014 -71.0944287 2013-02-14 14:31:34
0455 Central 42.3405800 -71.0643330 2013-02-14 14:32:35
0402 Central 42.3609642 -71.0962375 2013-02-14 14:32:35
0455 Central 42.3398850 -71.0645718 2013-02-14 14:33:35
0402 Central 42.3635523 -71.1005249 2013-02-14 14:33:35
0455 Central 42.3379661 -71.0672885 2013-02-14 14:34:35
0402 Central 42.3646862 -71.1025016 2013-02-14 14:34:35
0455 Central 42.3362438 -71.0703854 2013-02-14 14:35:36
0402 Central 42.3649325 -71.1043374 2013-02-14 14:35:36
0455 Central 42.3371052 -71.0713564 2013-02-14 14:36:36
0402 BMC 42.3649325 -71.1043374 2013-02-14 14:36:36
0455 Central 42.3368309 -71.0728076 2013-02-14 14:37:36
0402 BMC 42.3653015 -71.1044428 2013-02-14 14:37:36
0455 Central 42.3353978 -71.0718899 2013-02-14 14:38:37
0402 BMC 42.3652711 -71.1044480 2013-02-14 14:38:37
0455 Central 42.3353978 -71.0718899 2013-02-14 14:39:37
0402 BMC 42.3653456 -71.1044308 2013-02-14 14:39:37
0455 Central 42.3346627 -71.0744991 2013-02-14 14:40:38
0402 None 42.3654293 -71.1043603 2013-02-14 14:40:38
0473 Central 42.3404143 -71.0640839 2013-02-14 14:40:38
0455 Central 42.3348195 -71.0746743 2013-02-14 14:41:38
0402 None 42.3654929 -71.1040629 2013-02-14 14:41:38
0473 Central 42.3396556 -71.0648571 2013-02-14 14:41:38
0455 Central 42.3348198 -71.0746741 2013-02-14 14:42:38
0402 BMC 42.3652167 -71.1034476 2013-02-14 14:42:38
0473 Central 42.3370377 -71.0685618 2013-02-14 14:42:38
0455 Central 42.3348198 -71.0746741 2013-02-14 14:43:39
0402 BMC 42.3641149 -71.1015838 2013-02-14 14:43:39
0473 Central 42.3362986 -71.0695746 2013-02-14 14:43:39
0455 Central 42.3348198 -71.0746741 2013-02-14 14:44:39
0402 BMC 42.3630252 -71.0998706 2013-02-14 14:44:39
0473 Central 42.3365588 -71.0708309 2013-02-14 14:44:39
0455 Central 42.3355363 -71.0756894 2013-02-14 14:45:40
0402 BMC 42.3623135 -71.0985527 2013-02-14 14:45:40
0473 Central 42.3366776 -71.0709674 2013-02-14 14:45:40
0455 Central 42.3360751 -71.0764104 2013-02-14 14:46:40
0402 BMC 42.3609161 -71.0962948 2013-02-14 14:46:40
0473 Central 42.3366950 -71.0709876 2013-02-14 14:46:40
0455 Central 42.3365994 -71.0770074 2013-02-14 14:47:40
0402 BMC 42.3601965 -71.0951076 2013-02-14 14:47:40
0473 Central 42.3366950 -71.0709876 2013-02-14 14:47:40
0455 Central 42.3369321 -71.0773657 2013-02-14 14:48:41
0402 BMC 42.3582071 -71.0931143 2013-02-14 14:48:41
0473 Central 42.3366950 -71.0709876 2013-02-14 14:48:41
0455 Central 42.3390496 -71.0799997 2013-02-14 14:49:41
0402 BMC 42.3575311 -71.0929063 2013-02-14 14:49:41
0473 Central 42.3366950 -71.0709876 2013-02-14 14:49:41
0455 Central 42.3403500 -71.0814649 2013-02-14 14:50:42
0402 BMC 42.3575311 -71.0929063 2013-02-14 14:50:42
0473 Central 42.3367593 -71.0712493 2013-02-14 14:50:42
0455 Central 42.3412426 -71.0826943 2013-02-14 14:51:42
0402 BMC 42.3503190 -71.0891897 2013-02-14 14:51:42
0473 Central 42.3374145 -71.0721805 2013-02-14 14:51:42
0455 Central 42.3412620 -71.0827196 2013-02-14 14:52:42
0402 BMC 42.3494479 -71.0887807 2013-02-14 14:52:42
0473 Central 42.3359778 -71.0726705 2013-02-14 14:52:42
0455 Central 42.3421326 -71.0838153 2013-02-14 14:53:43
0402 BMC 42.3483449 -71.0882625 2013-02-14 14:53:43
0473 Central 42.3350867 -71.0716322 2013-02-14 14:53:43
0455 Central 42.3421334 -71.0838140 2013-02-14 14:54:43
0402 BMC 42.3483449 -71.0882625 2013-02-14 14:54:43
0473 Central 42.3350867 -71.0716322 2013-02-14 14:54:43
0455 Central 42.3428508 -71.0851963 2013-02-14 14:55:43
0402 BMC 42.3483449 -71.0882625 2013-02-14 14:55:43
0473 Central 42.3348156 -71.0747699 2013-02-14 14:55:43
0455 Central 42.3444464 -71.0862475 2013-02-14 14:56:44
0402 BMC 42.3456119 -71.0869169 2013-02-14 14:56:44
0473 Central 42.3368509 -71.0773004 2013-02-14 14:56:44
0455 Central 42.3465827 -71.0873954 2013-02-14 14:57:44
0402 BMC 42.3434875 -71.0858850 2013-02-14 14:57:44
0473 Central 42.3397041 -71.0806815 2013-02-14 14:57:44
0455 Central 42.3473338 -71.0878384 2013-02-14 14:58:45
0402 BMC 42.3428981 -71.0851511 2013-02-14 14:58:45
0473 Central 42.3408827 -71.0821480 2013-02-14 14:58:45
0455 Central 42.3484678 -71.0882452 2013-02-14 14:59:45
0402 BMC 42.3424144 -71.0844796 2013-02-14 14:59:45
0473 Central 42.3415389 -71.0830165 2013-02-14 14:59:45
0455 Central 42.3503786 -71.0892111 2013-02-14 15:00:46
0402 BMC 42.3410711 -71.0823647 2013-02-14 15:00:46
0473 Central 42.3442305 -71.0862949 2013-02-14 15:00:46
0455 Central 42.3517050 -71.0898905 2013-02-14 15:01:46
0402 BMC 42.3408123 -71.0820426 2013-02-14 15:01:46
0473 Central 42.3442305 -71.0862949 2013-02-14 15:01:46
0455 Central 42.3587285 -71.0933074 2013-02-14 15:02:46
0402 BMC 42.3395438 -71.0805261 2013-02-14 15:02:46
0473 Central 42.3475628 -71.0878833 2013-02-14 15:02:46
0455 Central 42.3601105 -71.0945604 2013-02-14 15:03:47
0402 BMC 42.3388054 -71.0796698 2013-02-14 15:03:47
0473 Central 42.3480376 -71.0881294 2013-02-14 15:03:47
0455 Central 42.3612083 -71.0965085 2013-02-14 15:04:47
0402 BMC 42.3355650 -71.0757155 2013-02-14 15:04:47
0473 Central 42.3483787 -71.0882838 2013-02-14 15:04:47
0455 Central 42.3629065 -71.0993234 2013-02-14 15:05:47
0402 BMC 42.3343306 -71.0741950 2013-02-14 15:05:47
0473 Central 42.3515742 -71.0899003 2013-02-14 15:05:47
0455 Central 42.3635328 -71.1005077 2013-02-14 15:06:48
0402 BMC 42.3340699 -71.0727131 2013-02-14 15:06:48
0473 Central 42.3584008 -71.0931750 2013-02-14 15:06:48
0455 BMC 42.3648145 -71.1042904 2013-02-14 15:07:48
0402 BMC 42.3346028 -71.0719805 2013-02-14 15:07:48
0473 Central 42.3601420 -71.0944418 2013-02-14 15:07:48
0455 BMC 42.3652860 -71.1043351 2013-02-14 15:08:49
0402 Central 42.3362007 -71.0703766 2013-02-14 15:08:49
0473 Central 42.3601420 -71.0944418 2013-02-14 15:08:49
0455 BMC 42.3652293 -71.1034694 2013-02-14 15:09:49
0402 Central 42.3369378 -71.0713514 2013-02-14 15:09:49
0473 Central 42.3635236 -71.1005049 2013-02-14 15:09:49
0455 BMC 42.3647681 -71.1026592 2013-02-14 15:10:49
0402 Central 42.3362880 -71.0730212 2013-02-14 15:10:49
0473 Central 42.3648953 -71.1043517 2013-02-14 15:10:49
0455 BMC 42.3631071 -71.0999949 2013-02-14 15:11:50
0402 Central 42.3354257 -71.0719739 2013-02-14 15:11:50
0473 BMC 42.3649148 -71.1045792 2013-02-14 15:11:50
0455 BMC 42.3622946 -71.0984938 2013-02-14 15:12:50
0402 Central 42.3351280 -71.0716227 2013-02-14 15:12:50
0473 BMC 42.3649788 -71.1059560 2013-02-14 15:12:50
0455 BMC 42.3609539 -71.0962856 2013-02-14 15:13:50
0402 Central 42.3336509 -71.0733610 2013-02-14 15:13:50
0473 BMC 42.3649658 -71.1046434 2013-02-14 15:13:50
0455 BMC 42.3600750 -71.0948624 2013-02-14 15:14:51
0402 Central 42.3348007 -71.0747961 2013-02-14 15:14:51
0473 BMC 42.3652092 -71.1044612 2013-02-14 15:14:51
0455 BMC 42.3591926 -71.0936529 2013-02-14 15:15:52
0402 Central 42.3348012 -71.0747957 2013-02-14 15:15:52
0473 BMC 42.3651760 -71.1045362 2013-02-14 15:15:52
0455 BMC 42.3583120 -71.0932885 2013-02-14 15:16:52
0402 Central 42.3348012 -71.0747957 2013-02-14 15:16:52
0473 BMC 42.3651594 -71.1045110 2013-02-14 15:16:52
0455 BMC 42.3580737 -71.0930891 2013-02-14 15:17:53
0402 Central 42.3348012 -71.0747957 2013-02-14 15:17:53
0473 BMC 42.3651508 -71.1044027 2013-02-14 15:17:53
0455 BMC 42.3580737 -71.0930891 2013-02-14 15:18:53
0402 Central 42.3355480 -71.0758161 2013-02-14 15:18:53
0473 BMC 42.3651594 -71.1044468 2013-02-14 15:18:53
0455 None 42.3499088 -71.0921164 2013-02-14 15:19:53
0402 Central 42.3369989 -71.0775150 2013-02-14 15:19:53
0473 BMC 42.3651669 -71.1045328 2013-02-14 15:19:53
0455 None 42.3499088 -71.0921164 2013-02-14 15:20:54
0402 Central 42.3397779 -71.0807626 2013-02-14 15:20:54
0473 BMC 42.3651583 -71.1045242 2013-02-14 15:20:54
0455 BMC 42.3483162 -71.0883559 2013-02-14 15:21:54
0402 Central 42.3415494 -71.0831177 2013-02-14 15:21:54
0473 BMC 42.3651027 -71.1044067 2013-02-14 15:21:54
0455 BMC 42.3483162 -71.0883559 2013-02-14 15:22:55
0402 Central 42.3415832 -71.0831748 2013-02-14 15:22:55
0473 BMC 42.3651484 -71.1044680 2013-02-14 15:22:55
0455 BMC 42.3483162 -71.0883559 2013-02-14 15:23:55
0402 Central 42.3415832 -71.0831748 2013-02-14 15:23:55
0473 BMC 42.3651484 -71.1044680 2013-02-14 15:23:55
0455 None 42.3472064 -71.0894454 2013-02-14 15:24:56
0402 Central 42.3432122 -71.0856045 2013-02-14 15:24:56
0473 BMC 42.3652706 -71.1035777 2013-02-14 15:24:56
0455 BMC 42.3447439 -71.0864780 2013-02-14 15:25:56
0402 Central 42.3439866 -71.0861610 2013-02-14 15:25:56
0473 BMC 42.3647996 -71.1026592 2013-02-14 15:25:56
0455 BMC 42.3440649 -71.0861719 2013-02-14 15:26:57
0402 Central 42.3439866 -71.0861610 2013-02-14 15:26:57
0473 BMC 42.3648111 -71.1024982 2013-02-14 15:26:57
0455 BMC 42.3437292 -71.0860327 2013-02-14 15:27:57
0402 Central 42.3439866 -71.0861610 2013-02-14 15:27:57
0473 BMC 42.3633798 -71.1002831 2013-02-14 15:27:57
0455 BMC 42.3431322 -71.0854879 2013-02-14 15:28:58
0402 Central 42.3477620 -71.0879616 2013-02-14 15:28:58
0473 BMC 42.3622001 -71.0983889 2013-02-14 15:28:58
0455 BMC 42.3431322 -71.0854879 2013-02-14 15:29:58
0402 Central 42.3488405 -71.0885567 2013-02-14 15:29:58
0473 BMC 42.3602171 -71.0951374 2013-02-14 15:29:58
0455 BMC 42.3425612 -71.0845921 2013-02-14 15:30:59
0402 Central 42.3516166 -71.0898543 2013-02-14 15:30:59
0473 BMC 42.3587611 -71.0934048 2013-02-14 15:30:59
0455 BMC 42.3417190 -71.0834640 2013-02-14 15:31:59
0402 Central 42.3568349 -71.0923523 2013-02-14 15:31:59
0473 BMC 42.3582094 -71.0929917 2013-02-14 15:31:59
0455 BMC 42.3413319 -71.0828513 2013-02-14 15:32:59
0402 Central 42.3592912 -71.0936535 2013-02-14 15:32:59
0473 BMC 42.3558013 -71.0920217 2013-02-14 15:32:59
0455 BMC 42.3411366 -71.0825380 2013-02-14 15:34:00
0402 Central 42.3598533 -71.0943439 2013-02-14 15:34:00
0473 BMC 42.3512912 -71.0897200 2013-02-14 15:34:00
0455 BMC 42.3388976 -71.0797914 2013-02-14 15:35:00
0402 Central 42.3610811 -71.0963819 2013-02-14 15:35:00
0473 BMC 42.3502251 -71.0891493 2013-02-14 15:35:00
0455 BMC 42.3374893 -71.0781309 2013-02-14 15:36:01
0402 Central 42.3635064 -71.1005289 2013-02-14 15:36:01
0473 BMC 42.3489948 -71.0885903 2013-02-14 15:36:01
0455 BMC 42.3366074 -71.0770116 2013-02-14 15:37:01
0402 Central 42.3647051 -71.1041208 2013-02-14 15:37:01
0473 BMC 42.3477710 -71.0880308 2013-02-14 15:37:01
0455 BMC 42.3357106 -71.0760807 2013-02-14 15:38:01
0402 BMC 42.3647841 -71.1042834 2013-02-14 15:38:01
0473 BMC 42.3472527 -71.0877092 2013-02-14 15:38:01
0455 BMC 42.3352231 -71.0755150 2013-02-14 15:39:02
0402 BMC 42.3648053 -71.1044400 2013-02-14 15:39:02
0473 BMC 42.3436800 -71.0860003 2013-02-14 15:39:02
0455 BMC 42.3344061 -71.0744624 2013-02-14 15:40:02
0402 BMC 42.3652832 -71.1046061 2013-02-14 15:40:02
0473 BMC 42.3435428 -71.0859478 2013-02-14 15:40:02
0455 BMC 42.3341264 -71.0727522 2013-02-14 15:41:03
0402 BMC 42.3653428 -71.1044715 2013-02-14 15:41:03
0473 BMC 42.3430194 -71.0853618 2013-02-14 15:41:03
0455 BMC 42.3348151 -71.0717273 2013-02-14 15:42:03
0402 BMC 42.3653428 -71.1044715 2013-02-14 15:42:03
0473 BMC 42.3427211 -71.0848788 2013-02-14 15:42:03
0455 BMC 42.3357077 -71.0704651 2013-02-14 15:43:03
0402 BMC 42.3655260 -71.1042199 2013-02-14 15:43:03
0473 BMC 42.3418313 -71.0835897 2013-02-14 15:43:03
0455 Central 42.3369457 -71.0714340 2013-02-14 15:44:04
0402 BMC 42.3652643 -71.1035639 2013-02-14 15:44:04
0473 BMC 42.3410441 -71.0824042 2013-02-14 15:44:04
0455 Central 42.3372957 -71.0718435 2013-02-14 15:45:04
0402 BMC 42.3652643 -71.1035639 2013-02-14 15:45:04
0473 BMC 42.3410441 -71.0824042 2013-02-14 15:45:04
0455 Central 42.3362238 -71.0729443 2013-02-14 15:46:05
0402 BMC 42.3630824 -71.0998775 2013-02-14 15:46:05
0473 BMC 42.3389069 -71.0799564 2013-02-14 15:46:05
0455 Central 42.3355714 -71.0721252 2013-02-14 15:47:05
0402 BMC 42.3626648 -71.0992071 2013-02-14 15:47:05
0473 BMC 42.3368245 -71.0774427 2013-02-14 15:47:05
0455 Central 42.3351707 -71.0716465 2013-02-14 15:48:05
0402 BMC 42.3623044 -71.0985494 2013-02-14 15:48:05
0473 BMC 42.3365991 -71.0771292 2013-02-14 15:48:05
0455 Central 42.3342496 -71.0724974 2013-02-14 15:49:06
0402 BMC 42.3609207 -71.0963996 2013-02-14 15:49:06
0473 BMC 42.3359034 -71.0762889 2013-02-14 15:49:06
0455 Central 42.3348048 -71.0747109 2013-02-14 15:50:06
0402 BMC 42.3587704 -71.0934844 2013-02-14 15:50:06
0473 BMC 42.3357342 -71.0760647 2013-02-14 15:50:06
0455 Central 42.3354895 -71.0755892 2013-02-14 15:51:06
0402 BMC 42.3579585 -71.0930759 2013-02-14 15:51:06
0473 BMC 42.3352157 -71.0754647 2013-02-14 15:51:06
0455 Central 42.3369640 -71.0774333 2013-02-14 15:52:07
0402 BMC 42.3533751 -71.0907524 2013-02-14 15:52:07
0473 BMC 42.3347895 -71.0749953 2013-02-14 15:52:07
0455 Central 42.3387243 -71.0795589 2013-02-14 15:53:07
0402 BMC 42.3501743 -71.0891319 2013-02-14 15:53:07
0473 BMC 42.3344843 -71.0745561 2013-02-14 15:53:07
0455 Central 42.3396570 -71.0805954 2013-02-14 15:54:07
0402 BMC 42.3486720 -71.0884187 2013-02-14 15:54:07
0473 BMC 42.3337794 -71.0736417 2013-02-14 15:54:07
0455 Central 42.3410728 -71.0824769 2013-02-14 15:55:08
0402 BMC 42.3472226 -71.0876748 2013-02-14 15:55:08
0473 BMC 42.3341177 -71.0726396 2013-02-14 15:55:08
0401 Central 42.3410889 -71.0640476 2013-02-14 15:55:08
0455 Central 42.3416604 -71.0833701 2013-02-14 15:56:08
0402 BMC 42.3472226 -71.0876748 2013-02-14 15:56:08
0473 BMC 42.3343791 -71.0723356 2013-02-14 15:56:08
0401 Central 42.3410889 -71.0640476 2013-02-14 15:56:08
0455 Central 42.3420881 -71.0839557 2013-02-14 15:57:09
0402 BMC 42.3446331 -71.0864153 2013-02-14 15:57:09
0473 BMC 42.3355095 -71.0707244 2013-02-14 15:57:09
0401 Central 42.3410889 -71.0640476 2013-02-14 15:57:09
0455 Central 42.3422040 -71.0841056 2013-02-14 15:58:09
0402 BMC 42.3435671 -71.0859385 2013-02-14 15:58:09
0473 BMC 42.3356285 -71.0705423 2013-02-14 15:58:09
0401 Central 42.3410889 -71.0640476 2013-02-14 15:58:09
0455 Central 42.3440087 -71.0860376 2013-02-14 15:59:09
0402 BMC 42.3430648 -71.0853820 2013-02-14 15:59:09
0473 Central 42.3363523 -71.0706274 2013-02-14 15:59:09
0401 Central 42.3410889 -71.0640476 2013-02-14 15:59:09
0455 Central 42.3440087 -71.0860376 2013-02-14 16:00:10
0402 BMC 42.3425771 -71.0846387 2013-02-14 16:00:10
0473 Central 42.3369665 -71.0713847 2013-02-14 16:00:10
0401 Central 42.3410889 -71.0640476 2013-02-14 16:00:10
0455 Central 42.3459543 -71.0870718 2013-02-14 16:01:10
0402 BMC 42.3422984 -71.0842836 2013-02-14 16:01:10
0473 Central 42.3372213 -71.0723833 2013-02-14 16:01:10
0401 Central 42.3410889 -71.0640476 2013-02-14 16:01:10
0455 Central 42.3474281 -71.0877617 2013-02-14 16:02:10
0402 BMC 42.3415586 -71.0832439 2013-02-14 16:02:10
0473 Central 42.3372168 -71.0723891 2013-02-14 16:02:10
0401 Central 42.3410889 -71.0640476 2013-02-14 16:02:10
0455 Central 42.3483882 -71.0882821 2013-02-14 16:03:11
0402 BMC 42.3411206 -71.0825464 2013-02-14 16:03:11
0473 Central 42.3372084 -71.0724010 2013-02-14 16:03:11
0401 Central 42.3410816 -71.0640516 2013-02-14 16:03:11
0455 Central 42.3516266 -71.0898586 2013-02-14 16:04:11
0402 BMC 42.3388392 -71.0798839 2013-02-14 16:04:11
0473 Central 42.3370288 -71.0725925 2013-02-14 16:04:11
0401 Central 42.3410802 -71.0640524 2013-02-14 16:04:11
0455 Central 42.3578920 -71.0928714 2013-02-14 16:05:12
0402 BMC 42.3366438 -71.0772070 2013-02-14 16:05:12
0473 Central 42.3367312 -71.0729048 2013-02-14 16:05:12
0401 Central 42.3410802 -71.0640524 2013-02-14 16:05:12
0455 Central 42.3599713 -71.0945306 2013-02-14 16:06:12
0402 BMC 42.3363554 -71.0769158 2013-02-14 16:06:12
0473 Central 42.3356591 -71.0723151 2013-02-14 16:06:12
0401 Central 42.3410802 -71.0640524 2013-02-14 16:06:12
0455 Central 42.3600681 -71.0946550 2013-02-14 16:07:12
0402 BMC 42.3358032 -71.0761949 2013-02-14 16:07:12
0473 Central 42.3356458 -71.0723004 2013-02-14 16:07:12
0401 Central 42.3410802 -71.0640524 2013-02-14 16:07:12
0455 Central 42.3615074 -71.0973422 2013-02-14 16:08:13
0402 BMC 42.3356725 -71.0760253 2013-02-14 16:08:13
0473 None 42.3353120 -71.0718666 2013-02-14 16:08:13
0401 Central 42.3399132 -71.0645478 2013-02-14 16:08:13
0455 Central 42.3635379 -71.1005530 2013-02-14 16:09:13
0402 BMC 42.3350689 -71.0752837 2013-02-14 16:09:13
0473 None 42.3351084 -71.0716799 2013-02-14 16:09:13
0401 Central 42.3372000 -71.0683428 2013-02-14 16:09:13
0455 Central 42.3645269 -71.1028420 2013-02-14 16:10:13
0402 BMC 42.3344723 -71.0745119 2013-02-14 16:10:13
0473 Central 42.3343609 -71.0742798 2013-02-14 16:10:13
0401 Central 42.3365113 -71.0693081 2013-02-14 16:10:13
0455 BMC 42.3648598 -71.1043466 2013-02-14 16:11:14
0402 BMC 42.3338719 -71.0736986 2013-02-14 16:11:14
0473 Central 42.3348536 -71.0748143 2013-02-14 16:11:14
0401 Central 42.3362320 -71.0697164 2013-02-14 16:11:14
0455 BMC 42.3653198 -71.1035983 2013-02-14 16:12:14
0402 BMC 42.3338720 -71.0736984 2013-02-14 16:12:14
0473 Central 42.3348619 -71.0748244 2013-02-14 16:12:14
0401 Central 42.3362320 -71.0697164 2013-02-14 16:12:14
0455 BMC 42.3648156 -71.1029050 2013-02-14 16:13:15
0402 BMC 42.3342570 -71.0725187 2013-02-14 16:13:15
0473 Central 42.3370700 -71.0775864 2013-02-14 16:13:15
0401 Central 42.3374088 -71.0722592 2013-02-14 16:13:15
0455 BMC 42.3631735 -71.1000895 2013-02-14 16:14:15
0402 BMC 42.3345978 -71.0720173 2013-02-14 16:14:15
0473 Central 42.3395281 -71.0804790 2013-02-14 16:14:15
0401 Central 42.3373952 -71.0720807 2013-02-14 16:14:15
0455 BMC 42.3626642 -71.0991556 2013-02-14 16:15:16
0402 BMC 42.3346919 -71.0718765 2013-02-14 16:15:16
0473 Central 42.3399185 -71.0809007 2013-02-14 16:15:16
0401 Central 42.3370773 -71.0724585 2013-02-14 16:15:16
0455 BMC 42.3624339 -71.0987413 2013-02-14 16:16:16
0402 BMC 42.3356217 -71.0705450 2013-02-14 16:16:16
0473 Central 42.3421492 -71.0839071 2013-02-14 16:16:16
0401 Central 42.3368729 -71.0726868 2013-02-14 16:16:16
0455 BMC 42.3622098 -71.0983987 2013-02-14 16:17:16
0402 BMC 42.3358943 -71.0701686 2013-02-14 16:17:16
0473 Central 42.3425048 -71.0846594 2013-02-14 16:17:16
0401 Central 42.3353095 -71.0714150 2013-02-14 16:17:16
0455 BMC 42.3606331 -71.0958777 2013-02-14 16:18:17
0402 None 42.3368593 -71.0712707 2013-02-14 16:18:17
0473 Central 42.3432667 -71.0856510 2013-02-14 16:18:17
0401 Central 42.3339364 -71.0733702 2013-02-14 16:18:17
0455 BMC 42.3602068 -71.0951345 2013-02-14 16:19:18
0402 None 42.3386105 -71.0733110 2013-02-14 16:19:18
0473 Central 42.3440925 -71.0861766 2013-02-14 16:19:18
0401 Central 42.3348220 -71.0747504 2013-02-14 16:19:18
0455 BMC 42.3593347 -71.0939130 2013-02-14 16:20:18
0473 Central 42.3461175 -71.0871459 2013-02-14 16:20:18
0401 Central 42.3353177 -71.0754954 2013-02-14 16:20:18
0455 BMC 42.3584369 -71.0932747 2013-02-14 16:21:18
0473 Central 42.3463321 -71.0872840 2013-02-14 16:21:18
0401 Central 42.3369574 -71.0775244 2013-02-14 16:21:18
0455 BMC 42.3582581 -71.0932071 2013-02-14 16:22:20
0473 Central 42.3463321 -71.0872840 2013-02-14 16:22:20
0401 Central 42.3395438 -71.0805595 2013-02-14 16:22:20
0455 BMC 42.3564797 -71.0923351 2013-02-14 16:23:20
0473 Central 42.3463321 -71.0872840 2013-02-14 16:23:20
0401 Central 42.3397187 -71.0807468 2013-02-14 16:23:20
0455 BMC 42.3564797 -71.0923351 2013-02-14 16:24:20
0473 Central 42.3463321 -71.0872840 2013-02-14 16:24:20
0401 Central 42.3397187 -71.0807468 2013-02-14 16:24:20
0455 BMC 42.3564797 -71.0923351 2013-02-14 16:25:21
0473 Central 42.3506241 -71.0893447 2013-02-14 16:25:21
0401 Central 42.3397187 -71.0807468 2013-02-14 16:25:21
0455 BMC 42.3499002 -71.0890639 2013-02-14 16:26:21
0473 Central 42.3514997 -71.0897806 2013-02-14 16:26:21
0401 Central 42.3425737 -71.0846652 2013-02-14 16:26:21
0455 BMC 42.3499002 -71.0890639 2013-02-14 16:27:21
0473 Central 42.3576812 -71.0927763 2013-02-14 16:27:21
0401 Central 42.3439944 -71.0861983 2013-02-14 16:27:21
0455 BMC 42.3499002 -71.0890639 2013-02-14 16:28:22
0473 Central 42.3598876 -71.0944567 2013-02-14 16:28:22
0401 Central 42.3439944 -71.0861983 2013-02-14 16:28:22
0455 BMC 42.3499002 -71.0890639 2013-02-14 16:29:22
0473 Central 42.3604170 -71.0952159 2013-02-14 16:29:22
0401 Central 42.3439944 -71.0861983 2013-02-14 16:29:22
0455 BMC 42.3499002 -71.0890639 2013-02-14 16:30:23
0473 Central 42.3629014 -71.0994123 2013-02-14 16:30:23
0401 Central 42.3477477 -71.0879564 2013-02-14 16:30:23
0455 BMC 42.3461921 -71.0872518 2013-02-14 16:31:23
0473 Central 42.3634635 -71.1004820 2013-02-14 16:31:23
0401 Central 42.3482794 -71.0882684 2013-02-14 16:31:23
0455 BMC 42.3436745 -71.0860529 2013-02-14 16:32:23
0473 Central 42.3641693 -71.1031055 2013-02-14 16:32:23
0401 Central 42.3521634 -71.0901794 2013-02-14 16:32:23
0455 BMC 42.3436738 -71.0860554 2013-02-14 16:33:24
0473 BMC 42.3649285 -71.1043145 2013-02-14 16:33:24
0401 Central 42.3569999 -71.0924279 2013-02-14 16:33:24
0455 BMC 42.3430471 -71.0853832 2013-02-14 16:34:24
0473 BMC 42.3652809 -71.1044021 2013-02-14 16:34:24
0401 Central 42.3591806 -71.0936741 2013-02-14 16:34:24
0455 BMC 42.3426543 -71.0848147 2013-02-14 16:35:24
0473 BMC 42.3653239 -71.1036063 2013-02-14 16:35:24
0401 Central 42.3598200 -71.0943473 2013-02-14 16:35:24
0455 BMC 42.3420356 -71.0839260 2013-02-14 16:36:25
0473 BMC 42.3647377 -71.1027595 2013-02-14 16:36:25
0401 Central 42.3613613 -71.0968632 2013-02-14 16:36:25
0455 BMC 42.3416381 -71.0833911 2013-02-14 16:37:25
0473 BMC 42.3640381 -71.1016164 2013-02-14 16:37:25
0401 Central 42.3635127 -71.1004969 2013-02-14 16:37:25
0455 BMC 42.3411050 -71.0826058 2013-02-14 16:38:26
0473 BMC 42.3621709 -71.0984428 2013-02-14 16:38:26
0401 Central 42.3641911 -71.1032207 2013-02-14 16:38:26
0455 BMC 42.3398638 -71.0810661 2013-02-14 16:39:26
0473 BMC 42.3621709 -71.0984428 2013-02-14 16:39:26
0401 Central 42.3647319 -71.1041409 2013-02-14 16:39:26
0455 BMC 42.3387410 -71.0797780 2013-02-14 16:40:26
0473 BMC 42.3599466 -71.0946630 2013-02-14 16:40:26
0401 BMC 42.3649612 -71.1043809 2013-02-14 16:40:26
0455 BMC 42.3368429 -71.0775321 2013-02-14 16:41:27
0473 BMC 42.3593691 -71.0939663 2013-02-14 16:41:27
0401 BMC 42.3651302 -71.1046972 2013-02-14 16:41:27
0455 BMC 42.3356739 -71.0761418 2013-02-14 16:42:27
0473 BMC 42.3583074 -71.0932701 2013-02-14 16:42:27
0401 BMC 42.3652104 -71.1047390 2013-02-14 16:42:27
0455 BMC 42.3356739 -71.0761418 2013-02-14 16:43:27
0473 BMC 42.3581991 -71.0932186 2013-02-14 16:43:27
0401 BMC 42.3652459 -71.1034934 2013-02-14 16:43:27
0455 BMC 42.3343763 -71.0745516 2013-02-14 16:44:28
0473 BMC 42.3553716 -71.0918188 2013-02-14 16:44:28
0401 BMC 42.3647188 -71.1026964 2013-02-14 16:44:28
0455 BMC 42.3339193 -71.0739939 2013-02-14 16:45:28
0473 BMC 42.3510310 -71.0896007 2013-02-14 16:45:28
0401 BMC 42.3622436 -71.0985202 2013-02-14 16:45:28
0455 BMC 42.3340998 -71.0727036 2013-02-14 16:46:28
0473 BMC 42.3500270 -71.0891073 2013-02-14 16:46:28
0401 BMC 42.3604382 -71.0954926 2013-02-14 16:46:28
0455 BMC 42.3355934 -71.0705656 2013-02-14 16:47:29
0473 BMC 42.3500270 -71.0891073 2013-02-14 16:47:29
0401 BMC 42.3600720 -71.0947008 2013-02-14 16:47:29
0455 Central 42.3362177 -71.0705397 2013-02-14 16:48:29
0473 BMC 42.3468889 -71.0875734 2013-02-14 16:48:29
0401 BMC 42.3594539 -71.0940729 2013-02-14 16:48:29
0455 Central 42.3365578 -71.0709198 2013-02-14 16:49:30
0473 BMC 42.3443921 -71.0863664 2013-02-14 16:49:30
0401 BMC 42.3581951 -71.0931596 2013-02-14 16:49:30
0455 Central 42.3365579 -71.0709191 2013-02-14 16:50:30
0473 BMC 42.3430290 -71.0854217 2013-02-14 16:50:30
0401 BMC 42.3519904 -71.0900859 2013-02-14 16:50:30
0455 Central 42.3369791 -71.0713965 2013-02-14 16:51:30
0473 BMC 42.3426296 -71.0848869 2013-02-14 16:51:30
0401 BMC 42.3510283 -71.0896101 2013-02-14 16:51:30
0455 Central 42.3371597 -71.0724223 2013-02-14 16:52:31
0473 BMC 42.3411009 -71.0826234 2013-02-14 16:52:31
0401 BMC 42.3503277 -71.0892569 2013-02-14 16:52:31
0455 Central 42.3367017 -71.0729501 2013-02-14 16:53:31
0473 BMC 42.3407797 -71.0821460 2013-02-14 16:53:31
0401 BMC 42.3495845 -71.0889071 2013-02-14 16:53:31
0455 Central 42.3356479 -71.0722932 2013-02-14 16:54:32
0473 BMC 42.3396464 -71.0808645 2013-02-14 16:54:32
0401 BMC 42.3490443 -71.0886454 2013-02-14 16:54:32
0455 Central 42.3345787 -71.0721321 2013-02-14 16:55:32
0473 BMC 42.3387705 -71.0798592 2013-02-14 16:55:32
0401 BMC 42.3482889 -71.0882707 2013-02-14 16:55:32
0455 Central 42.3348814 -71.0747181 2013-02-14 16:56:33
0473 BMC 42.3381960 -71.0791918 2013-02-14 16:56:33
0401 BMC 42.3467689 -71.0874769 2013-02-14 16:56:33
0455 Central 42.3348815 -71.0747181 2013-02-14 16:57:33
0473 BMC 42.3374443 -71.0783090 2013-02-14 16:57:33
0401 BMC 42.3465466 -71.0874056 2013-02-14 16:57:33
0455 Central 42.3355734 -71.0756377 2013-02-14 16:58:34
0473 BMC 42.3371416 -71.0779030 2013-02-14 16:58:34
0401 BMC 42.3440003 -71.0861865 2013-02-14 16:58:34
0455 Central 42.3360764 -71.0762919 2013-02-14 16:59:34
0473 BMC 42.3371377 -71.0778986 2013-02-14 16:59:34
0401 BMC 42.3436472 -71.0860052 2013-02-14 16:59:34
0455 Central 42.3369281 -71.0774212 2013-02-14 17:00:35
0473 BMC 42.3357011 -71.0759870 2013-02-14 17:00:35
0401 BMC 42.3431425 -71.0855529 2013-02-14 17:00:35
0455 Central 42.3388307 -71.0796625 2013-02-14 17:01:35
0473 BMC 42.3348662 -71.0750330 2013-02-14 17:01:35
0401 BMC 42.3430546 -71.0854235 2013-02-14 17:01:35
0455 Central 42.3397683 -71.0806931 2013-02-14 17:02:35
0473 BMC 42.3344151 -71.0745564 2013-02-14 17:02:35
0401 BMC 42.3410322 -71.0825105 2013-02-14 17:02:35
0455 Central 42.3406603 -71.0817715 2013-02-14 17:03:36
0473 BMC 42.3337732 -71.0737875 2013-02-14 17:03:36
0401 BMC 42.3397169 -71.0809225 2013-02-14 17:03:36
0455 Central 42.3414178 -71.0827823 2013-02-14 17:04:36
0473 BMC 42.3336144 -71.0733718 2013-02-14 17:04:36
0401 BMC 42.3389766 -71.0801195 2013-02-14 17:04:36
0455 Central 42.3421481 -71.0838609 2013-02-14 17:05:37
0473 BMC 42.3346639 -71.0718941 2013-02-14 17:05:37
0401 BMC 42.3385149 -71.0795783 2013-02-14 17:05:37
0455 Central 42.3422878 -71.0841833 2013-02-14 17:06:37
0473 BMC 42.3357577 -71.0703551 2013-02-14 17:06:37
0401 BMC 42.3385025 -71.0795650 2013-02-14 17:06:37
0455 Central 42.3441237 -71.0861229 2013-02-14 17:07:38
0473 Central 42.3362485 -71.0705344 2013-02-14 17:07:38
0401 BMC 42.3378301 -71.0787588 2013-02-14 17:07:38
0455 Central 42.3457662 -71.0869536 2013-02-14 17:08:38
0473 Central 42.3371945 -71.0716395 2013-02-14 17:08:38
0401 BMC 42.3368884 -71.0776262 2013-02-14 17:08:38
0455 Central 42.3460790 -71.0871382 2013-02-14 17:09:39
0473 Central 42.3374291 -71.0719646 2013-02-14 17:09:39
0401 BMC 42.3367289 -71.0774049 2013-02-14 17:09:39
0455 Central 42.3465166 -71.0873741 2013-02-14 17:10:39
0473 Central 42.3359254 -71.0726105 2013-02-14 17:10:39
0401 BMC 42.3367288 -71.0774050 2013-02-14 17:10:39
0455 Central 42.3472332 -71.0876770 2013-02-14 17:11:39
0473 Central 42.3347751 -71.0717430 2013-02-14 17:11:39
0401 BMC 42.3356223 -71.0760795 2013-02-14 17:11:39
0455 Central 42.3475887 -71.0878155 2013-02-14 17:12:40
0473 Central 42.3337194 -71.0732382 2013-02-14 17:12:40
0401 BMC 42.3343209 -71.0744439 2013-02-14 17:12:40
0455 Central 42.3475887 -71.0878155 2013-02-14 17:13:40
0473 Central 42.3348560 -71.0747889 2013-02-14 17:13:40
0401 BMC 42.3339557 -71.0740128 2013-02-14 17:13:40
0455 Central 42.3485838 -71.0883559 2013-02-14 17:14:40
0473 Central 42.3348574 -71.0747883 2013-02-14 17:14:40
0401 BMC 42.3339557 -71.0740128 2013-02-14 17:14:40
0455 Central 42.3504457 -71.0892562 2013-02-14 17:15:41
0473 Central 42.3361739 -71.0764849 2013-02-14 17:15:41
0401 BMC 42.3340683 -71.0726999 2013-02-14 17:15:41
0455 Central 42.3517244 -71.0898898 2013-02-14 17:16:41
0473 Central 42.3370609 -71.0776139 2013-02-14 17:16:41
0401 BMC 42.3353257 -71.0709118 2013-02-14 17:16:41
0455 Central 42.3579969 -71.0929607 2013-02-14 17:17:42
0473 Central 42.3390496 -71.0800049 2013-02-14 17:17:42
0401 Central 42.3361896 -71.0704578 2013-02-14 17:17:42
0455 Central 42.3599587 -71.0945576 2013-02-14 17:18:42
0473 Central 42.3391820 -71.0801529 2013-02-14 17:18:42
0401 Central 42.3369419 -71.0713443 2013-02-14 17:18:42
0455 Central 42.3607087 -71.0958284 2013-02-14 17:19:43
0473 Central 42.3397096 -71.0806893 2013-02-14 17:19:43
0401 Central 42.3372498 -71.0717207 2013-02-14 17:19:43
0455 Central 42.3617228 -71.0975301 2013-02-14 17:20:43
0473 Central 42.3404923 -71.0815317 2013-02-14 17:20:43
0401 Central 42.3370658 -71.0725729 2013-02-14 17:20:43
0455 Central 42.3628962 -71.0994008 2013-02-14 17:21:43
0473 Central 42.3408200 -71.0820429 2013-02-14 17:21:43
0401 Central 42.3366894 -71.0729805 2013-02-14 17:21:43
0455 Central 42.3635248 -71.1005002 2013-02-14 17:22:44
0473 Central 42.3414004 -71.0828935 2013-02-14 17:22:44
0401 Central 42.3356357 -71.0723316 2013-02-14 17:22:44
0455 Central 42.3648277 -71.1042572 2013-02-14 17:23:44
0473 Central 42.3415608 -71.0830752 2013-02-14 17:23:44
0401 Central 42.3350806 -71.0716656 2013-02-14 17:23:44
0455 BMC 42.3648277 -71.1042572 2013-02-14 17:24:44
0473 Central 42.3420504 -71.0838055 2013-02-14 17:24:44
0401 Central 42.3350704 -71.0716536 2013-02-14 17:24:44
0455 BMC 42.3650884 -71.1046949 2013-02-14 17:25:45
0473 Central 42.3423672 -71.0842817 2013-02-14 17:25:45
0401 Central 42.3339019 -71.0730411 2013-02-14 17:25:45
0455 BMC 42.3649262 -71.1046434 2013-02-14 17:26:45
0473 Central 42.3427442 -71.0849995 2013-02-14 17:26:45
0401 Central 42.3348038 -71.0747040 2013-02-14 17:26:45
0455 BMC 42.3650998 -71.1033485 2013-02-14 17:27:45
0473 Central 42.3432321 -71.0855834 2013-02-14 17:27:45
0401 Central 42.3348298 -71.0747393 2013-02-14 17:27:45
0455 BMC 42.3645939 -71.1029554 2013-02-14 17:28:46
0473 Central 42.3442110 -71.0862291 2013-02-14 17:28:46
0401 Central 42.3355592 -71.0756733 2013-02-14 17:28:46
0455 BMC 42.3647114 -71.1028110 2013-02-14 17:29:46
0473 Central 42.3449104 -71.0865912 2013-02-14 17:29:46
0401 Central 42.3361333 -71.0764028 2013-02-14 17:29:46
0455 BMC 42.3633225 -71.1003702 2013-02-14 17:30:47
0473 Central 42.3456025 -71.0869267 2013-02-14 17:30:47
0401 Central 42.3361333 -71.0764027 2013-02-14 17:30:47
0455 BMC 42.3626189 -71.0992805 2013-02-14 17:31:47
0473 Central 42.3456025 -71.0869267 2013-02-14 17:31:47
0401 Central 42.3368838 -71.0773540 2013-02-14 17:31:47
0455 BMC 42.3622809 -71.0986044 2013-02-14 17:32:47
0473 Central 42.3460188 -71.0871233 2013-02-14 17:32:47
0401 Central 42.3398628 -71.0807953 2013-02-14 17:32:47
0455 BMC 42.3615859 -71.0974762 2013-02-14 17:33:48
0473 Central 42.3461841 -71.0872696 2013-02-14 17:33:48
0401 Central 42.3413244 -71.0826883 2013-02-14 17:33:48
0455 BMC 42.3604502 -71.0955454 2013-02-14 17:34:48
0473 Central 42.3461841 -71.0872696 2013-02-14 17:34:48
0401 Central 42.3420668 -71.0837674 2013-02-14 17:34:48
0455 BMC 42.3600561 -71.0948704 2013-02-14 17:35:48
0473 Central 42.3469225 -71.0875399 2013-02-14 17:35:48
0401 Central 42.3420875 -71.0837963 2013-02-14 17:35:48
0455 BMC 42.3600561 -71.0948704 2013-02-14 17:36:49
0473 Central 42.3478109 -71.0879423 2013-02-14 17:36:49
0401 Central 42.3424213 -71.0843307 2013-02-14 17:36:49
0455 BMC 42.3588294 -71.0935761 2013-02-14 17:37:49
0473 Central 42.3478109 -71.0879423 2013-02-14 17:37:49
0401 Central 42.3438083 -71.0860600 2013-02-14 17:37:49
0455 BMC 42.3579579 -71.0930931 2013-02-14 17:38:49
0473 Central 42.3478109 -71.0879423 2013-02-14 17:38:49
0401 Central 42.3443349 -71.0862944 2013-02-14 17:38:49
0455 BMC 42.3547946 -71.0915284 2013-02-14 17:39:50
0473 Central 42.3482230 -71.0881704 2013-02-14 17:39:50
0401 Central 42.3446370 -71.0864358 2013-02-14 17:39:50
0455 BMC 42.3545110 -71.0913742 2013-02-14 17:40:50
0473 Central 42.3482537 -71.0881885 2013-02-14 17:40:50
0401 Central 42.3449491 -71.0865651 2013-02-14 17:40:50
0455 BMC 42.3540265 -71.0910796 2013-02-14 17:41:51
0473 Central 42.3497698 -71.0889378 2013-02-14 17:41:51
0401 Central 42.3451571 -71.0866627 2013-02-14 17:41:51
0455 BMC 42.3530748 -71.0906258 2013-02-14 17:42:51
0473 Central 42.3504624 -71.0893093 2013-02-14 17:42:51
0401 Central 42.3455377 -71.0868552 2013-02-14 17:42:51
0455 BMC 42.3520162 -71.0900889 2013-02-14 17:43:51
0473 Central 42.3515938 -71.0898200 2013-02-14 17:43:51
0401 Central 42.3459738 -71.0870817 2013-02-14 17:43:51
0455 BMC 42.3512549 -71.0897069 2013-02-14 17:44:52
0473 Central 42.3563427 -71.0921380 2013-02-14 17:44:52
0401 None 42.3460206 -71.0871106 2013-02-14 17:44:52
0455 BMC 42.3511650 -71.0896625 2013-02-14 17:45:52
0473 Central 42.3591823 -71.0937354 2013-02-14 17:45:52
0401 Central 42.3467074 -71.0874508 2013-02-14 17:45:52
0455 BMC 42.3506967 -71.0893989 2013-02-14 17:46:52
0473 Central 42.3597656 -71.0941920 2013-02-14 17:46:52
0401 Central 42.3477438 -71.0879209 2013-02-14 17:46:52
0455 None 42.3503800 -71.0892123 2013-02-14 17:47:53
0473 Central 42.3602297 -71.0949163 2013-02-14 17:47:53
0401 Central 42.3477438 -71.0879209 2013-02-14 17:47:53
0455 BMC 42.3498806 -71.0890277 2013-02-14 17:48:53
0473 Central 42.3607883 -71.0958038 2013-02-14 17:48:53
0401 Central 42.3483408 -71.0883055 2013-02-14 17:48:53
0455 BMC 42.3490788 -71.0886707 2013-02-14 17:49:53
0473 Central 42.3617412 -71.0975450 2013-02-14 17:49:53
0401 Central 42.3487786 -71.0884939 2013-02-14 17:49:53
0455 BMC 42.3484513 -71.0883031 2013-02-14 17:50:54
0473 Central 42.3633626 -71.1003376 2013-02-14 17:50:54
0401 Central 42.3498262 -71.0889936 2013-02-14 17:50:54
0455 BMC 42.3484513 -71.0883031 2013-02-14 17:51:54
0473 Central 42.3633626 -71.1003376 2013-02-14 17:51:54
0401 Central 42.3505431 -71.0893548 2013-02-14 17:51:54
0455 BMC 42.3471393 -71.0876378 2013-02-14 17:52:55
0473 Central 42.3642284 -71.1016789 2013-02-14 17:52:55
0401 Central 42.3518361 -71.0900048 2013-02-14 17:52:55
0455 BMC 42.3447969 -71.0865236 2013-02-14 17:53:55
0473 Central 42.3645217 -71.1022667 2013-02-14 17:53:55
0401 Central 42.3579006 -71.0928828 2013-02-14 17:53:55
0455 BMC 42.3440527 -71.0861724 2013-02-14 17:54:56
0473 Central 42.3641825 -71.1032316 2013-02-14 17:54:56
0401 Central 42.3592797 -71.0936356 2013-02-14 17:54:56
0455 BMC 42.3440527 -71.0861724 2013-02-14 17:55:56
0473 Central 42.3641825 -71.1032316 2013-02-14 17:55:56
0401 Central 42.3598309 -71.0943038 2013-02-14 17:55:56
0455 BMC 42.3437382 -71.0860222 2013-02-14 17:56:56
0473 BMC 42.3649268 -71.1043569 2013-02-14 17:56:56
0401 Central 42.3598309 -71.0943038 2013-02-14 17:56:56
0455 BMC 42.3430799 -71.0853865 2013-02-14 17:57:57
0473 BMC 42.3648013 -71.1045649 2013-02-14 17:57:57
0401 Central 42.3606130 -71.0955706 2013-02-14 17:57:57
0455 BMC 42.3427000 -71.0848453 2013-02-14 17:58:57
0473 BMC 42.3650614 -71.1046640 2013-02-14 17:58:57
0401 Central 42.3625691 -71.0988462 2013-02-14 17:58:57
0455 BMC 42.3424343 -71.0843844 2013-02-14 17:59:57
0473 BMC 42.3650362 -71.1060454 2013-02-14 17:59:57
0401 Central 42.3634400 -71.1003863 2013-02-14 17:59:57
0455 BMC 42.3416747 -71.0834217 2013-02-14 18:00:58
0473 BMC 42.3648449 -71.1047534 2013-02-14 18:00:58
0401 Central 42.3644633 -71.1021728 2013-02-14 18:00:58
0455 BMC 42.3415968 -71.0832992 2013-02-14 18:01:58
0473 BMC 42.3649532 -71.1046399 2013-02-14 18:01:58
0401 Central 42.3646959 -71.1025486 2013-02-14 18:01:58
0455 BMC 42.3409951 -71.0824131 2013-02-14 18:02:59
0473 BMC 42.3651674 -71.1045018 2013-02-14 18:02:59
0401 Central 42.3642364 -71.1033055 2013-02-14 18:02:59
0455 BMC 42.3408635 -71.0822254 2013-02-14 18:03:59
0473 None 42.3651543 -71.1044881 2013-02-14 18:03:59
0401 Central 42.3642364 -71.1033055 2013-02-14 18:03:59
0455 BMC 42.3402231 -71.0813730 2013-02-14 18:04:59
0473 None 42.3651818 -71.1044950 2013-02-14 18:04:59
0401 BMC 42.3647503 -71.1041930 2013-02-14 18:04:59
0455 BMC 42.3399331 -71.0810598 2013-02-14 18:06:00
0473 None 42.3651852 -71.1044984 2013-02-14 18:06:00
0401 BMC 42.3647503 -71.1041930 2013-02-14 18:06:00
0455 BMC 42.3389566 -71.0799261 2013-02-14 18:07:00
0473 None 42.3651961 -71.1045311 2013-02-14 18:07:00
0401 BMC 42.3650122 -71.1044210 2013-02-14 18:07:00
0455 BMC 42.3389566 -71.0799261 2013-02-14 18:08:00
0473 None 42.3652074 -71.1045190 2013-02-14 18:08:00
0401 BMC 42.3653250 -71.1036086 2013-02-14 18:08:00
0455 BMC 42.3388002 -71.0797649 2013-02-14 18:09:01
0473 None 42.3651949 -71.1045179 2013-02-14 18:09:01
0401 BMC 42.3647996 -71.1028769 2013-02-14 18:09:01
0455 BMC 42.3376325 -71.0783906 2013-02-14 18:10:01
0473 None 42.3651927 -71.1044978 2013-02-14 18:10:01
0401 BMC 42.3647996 -71.1028769 2013-02-14 18:10:01
0455 BMC 42.3369346 -71.0775410 2013-02-14 18:11:01
0473 None 42.3652190 -71.1045190 2013-02-14 18:11:01
0401 BMC 42.3638491 -71.1011598 2013-02-14 18:11:01
0455 BMC 42.3369343 -71.0775416 2013-02-14 18:12:02
0473 None 42.3652534 -71.1044961 2013-02-14 18:12:02
0401 BMC 42.3630842 -71.0998867 2013-02-14 18:12:02
0455 BMC 42.3367552 -71.0772229 2013-02-14 18:13:02
0473 None 42.3652287 -71.1044715 2013-02-14 18:13:02
0401 BMC 42.3622643 -71.0984783 2013-02-14 18:13:02
0455 BMC 42.3360619 -71.0764319 2013-02-14 18:14:03
0473 None 42.3651800 -71.1044365 2013-02-14 18:14:03
0401 BMC 42.3610439 -71.0965452 2013-02-14 18:14:03
0455 BMC 42.3357067 -71.0760402 2013-02-14 18:15:03
0473 None 42.3651795 -71.1044508 2013-02-14 18:15:03
0401 BMC 42.3602440 -71.0951642 2013-02-14 18:15:03
0455 BMC 42.3352908 -71.0755492 2013-02-14 18:16:03
0473 None 42.3651766 -71.1044417 2013-02-14 18:16:03
0401 BMC 42.3597838 -71.0943926 2013-02-14 18:16:03
0455 BMC 42.3351343 -71.0752264 2013-02-14 18:17:04
0473 None 42.3651766 -71.1044417 2013-02-14 18:17:04
0401 BMC 42.3587744 -71.0934604 2013-02-14 18:17:04
0455 BMC 42.3351248 -71.0752146 2013-02-14 18:18:04
0473 None 42.3651823 -71.1044617 2013-02-14 18:18:04
0401 BMC 42.3587744 -71.0934604 2013-02-14 18:18:04
0455 BMC 42.3343479 -71.0743309 2013-02-14 18:19:05
0473 None 42.3651782 -71.1044480 2013-02-14 18:19:05
0401 BMC 42.3581928 -71.0931120 2013-02-14 18:19:05
0455 BMC 42.3338832 -71.0737278 2013-02-14 18:20:05
0473 None 42.3652179 -71.1045574 2013-02-14 18:20:05
0401 BMC 42.3581928 -71.0931120 2013-02-14 18:20:05
0455 BMC 42.3343458 -71.0723474 2013-02-14 18:21:05
0473 None 42.3651863 -71.1045087 2013-02-14 18:21:05
0401 BMC 42.3557549 -71.0919180 2013-02-14 18:21:05
0455 BMC 42.3357385 -71.0703627 2013-02-14 18:22:06
0473 None 42.3651863 -71.1045087 2013-02-14 18:22:06
0401 BMC 42.3546657 -71.0913880 2013-02-14 18:22:06
0455 Central 42.3357385 -71.0703627 2013-02-14 18:23:06
0473 None 42.3651863 -71.1045087 2013-02-14 18:23:06
0401 BMC 42.3546657 -71.0913880 2013-02-14 18:23:06
0455 Central 42.3365839 -71.0708937 2013-02-14 18:24:06
0473 None 42.3651760 -71.1045093 2013-02-14 18:24:06
0401 BMC 42.3529269 -71.0905162 2013-02-14 18:24:06
0455 Central 42.3365839 -71.0708937 2013-02-14 18:25:07
0473 None 42.3651606 -71.1044778 2013-02-14 18:25:07
0401 BMC 42.3519499 -71.0900278 2013-02-14 18:25:07
0455 Central 42.3368631 -71.0713082 2013-02-14 18:26:07
0473 None 42.3651732 -71.1044950 2013-02-14 18:26:07
0401 BMC 42.3514516 -71.0897974 2013-02-14 18:26:07
0455 Central 42.3365875 -71.0730789 2013-02-14 18:27:08
0473 None 42.3651703 -71.1044812 2013-02-14 18:27:08
0401 BMC 42.3514516 -71.0897974 2013-02-14 18:27:08
0455 Central 42.3356264 -71.0722682 2013-02-14 18:28:08
0473 None 42.3651772 -71.1044931 2013-02-14 18:28:08
0401 BMC 42.3514516 -71.0897974 2013-02-14 18:28:08
0455 Central 42.3351789 -71.0717182 2013-02-14 18:29:08
0473 None 42.3651932 -71.1045379 2013-02-14 18:29:08
0401 BMC 42.3504284 -71.0892552 2013-02-14 18:29:08
0455 Central 42.3337560 -71.0731683 2013-02-14 18:30:09
0473 None 42.3651961 -71.1045477 2013-02-14 18:30:09
0401 BMC 42.3480160 -71.0881483 2013-02-14 18:30:09
0455 Central 42.3347296 -71.0746049 2013-02-14 18:31:09
0473 None 42.3651823 -71.1045265 2013-02-14 18:31:09
0401 BMC 42.3480160 -71.0881483 2013-02-14 18:31:09
0455 Central 42.3354005 -71.0755444 2013-02-14 18:32:09
0473 None 42.3652047 -71.1045666 2013-02-14 18:32:09
0401 BMC 42.3476397 -71.0879255 2013-02-14 18:32:09
0455 Central 42.3354005 -71.0755444 2013-02-14 18:33:10
0473 None 42.3651978 -71.1045557 2013-02-14 18:33:10
0401 BMC 42.3471686 -71.0876548 2013-02-14 18:33:10
0455 Central 42.3361975 -71.0764803 2013-02-14 18:34:10
0473 None 42.3651800 -71.1045127 2013-02-14 18:34:10
0401 BMC 42.3454295 -71.0868229 2013-02-14 18:34:10
0455 Central 42.3386967 -71.0795889 2013-02-14 18:35:11
0473 None 42.3652080 -71.1044451 2013-02-14 18:35:11
0401 BMC 42.3453871 -71.0868033 2013-02-14 18:35:11
0455 Central 42.3392801 -71.0802352 2013-02-14 18:36:11
0473 None 42.3653071 -71.1036034 2013-02-14 18:36:11
0401 BMC 42.3448914 -71.0865551 2013-02-14 18:36:11
0455 Central 42.3396904 -71.0807001 2013-02-14 18:37:12
0473 None 42.3648265 -71.1029147 2013-02-14 18:37:12
0401 BMC 42.3448914 -71.0865551 2013-02-14 18:37:12
0455 Central 42.3412382 -71.0827330 2013-02-14 18:38:12
0473 None 42.3643871 -71.1021315 2013-02-14 18:38:12
0401 BMC 42.3437897 -71.0860311 2013-02-14 18:38:12
0455 Central 42.3420764 -71.0839812 2013-02-14 18:39:13
0473 Other 42.3640347 -71.1014543 2013-02-14 18:39:13
0401 BMC 42.3431212 -71.0854772 2013-02-14 18:39:13
0455 Central 42.3424192 -71.0844285 2013-02-14 18:40:13
0473 Other 42.3620334 -71.0980813 2013-02-14 18:40:13
0401 BMC 42.3425804 -71.0847015 2013-02-14 18:40:13
0455 701_0_var0 42.3424192 -71.0844285 2013-02-14 18:40:29
0473 701_1_var1 42.3620334 -71.0980813 2013-02-14 18:40:29
0401 701_1_var0 42.3425804 -71.0847015 2013-02-14 18:40:29
0455 701_0_var0 42.3440131 -71.0861091 2013-02-14 18:41:29
0473 701_1_var1 42.3609333 -71.0964140 2013-02-14 18:41:29
0401 701_1_var0 42.3421854 -71.0841123 2013-02-14 18:41:29
0455 701_0_var0 42.3447416 -71.0865216 2013-02-14 18:42:30
0473 701_1_var1 42.3603030 -71.0952921 2013-02-14 18:42:30
0401 701_1_var0 42.3411879 -71.0826723 2013-02-14 18:42:30
0455 701_0_var0 42.3447509 -71.0865275 2013-02-14 18:43:30
0473 701_1_var1 42.3587870 -71.0934741 2013-02-14 18:43:30
0401 701_1_var0 42.3409498 -71.0823240 2013-02-14 18:43:30
0455 701_0_var0 42.3451371 -71.0866833 2013-02-14 18:44:30
0473 701_1_var1 42.3581951 -71.0931321 2013-02-14 18:44:30
0401 701_1_var0 42.3389288 -71.0799485 2013-02-14 18:44:30
0455 701_0_var0 42.3457769 -71.0870358 2013-02-14 18:45:31
0473 701_1_var1 42.3570131 -71.0926175 2013-02-14 18:45:31
0401 701_1_var0 42.3387628 -71.0797472 2013-02-14 18:45:31
0455 701_0_var0 42.3458965 -71.0870977 2013-02-14 18:46:31
0473 701_1_var1 42.3565484 -71.0923460 2013-02-14 18:46:31
0401 701_1_var0 42.3387632 -71.0797463 2013-02-14 18:46:31
0455 701_0_var0 42.3463935 -71.0873335 2013-02-14 18:47:32
0473 701_1_var1 42.3562133 -71.0921964 2013-02-14 18:47:32
0401 701_1_var0 42.3383403 -71.0792144 2013-02-14 18:47:32
0455 701_0_var0 42.3470211 -71.0876483 2013-02-14 18:48:32
0473 701_1_var1 42.3558758 -71.0920303 2013-02-14 18:48:32
0401 701_1_var0 42.3377410 -71.0784782 2013-02-14 18:48:32
0455 701_0_var0 42.3470211 -71.0876483 2013-02-14 18:49:32
0473 701_1_var1 42.3553366 -71.0917684 2013-02-14 18:49:32
0401 701_1_var0 42.3374217 -71.0781427 2013-02-14 18:49:32
0455 701_0_var0 42.3482800 -71.0882555 2013-02-14 18:50:33
0473 701_1_var1 42.3553366 -71.0917684 2013-02-14 18:50:33
0401 701_1_var0 42.3367164 -71.0772743 2013-02-14 18:50:33
0455 701_0_var0 42.3499849 -71.0890950 2013-02-14 18:51:33
0473 None 42.3541758 -71.0911783 2013-02-14 18:51:33
0401 701_1_var0 42.3356305 -71.0759608 2013-02-14 18:51:33
0455 701_0_var0 42.3504324 -71.0892820 2013-02-14 18:52:34
0473 701_1_var1 42.3530262 -71.0905996 2013-02-14 18:52:34
0401 701_1_var0 42.3344576 -71.0744633 2013-02-14 18:52:34
0455 701_0_var0 42.3515482 -71.0898584 2013-02-14 18:53:34
0473 701_1_var1 42.3527814 -71.0904804 2013-02-14 18:53:34
0401 701_1_var0 42.3338358 -71.0737098 2013-02-14 18:53:34
0455 701_0_var0 42.3568080 -71.0923391 2013-02-14 18:54:34
0473 701_1_var1 42.3519978 -71.0900880 2013-02-14 18:54:34
0401 701_1_var0 42.3338183 -71.0736847 2013-02-14 18:54:34
0455 701_0_var0 42.3591365 -71.0935463 2013-02-14 18:55:35
0473 701_1_var1 42.3512344 -71.0896982 2013-02-14 18:55:35
0401 701_1_var0 42.3344608 -71.0721983 2013-02-14 18:55:35
0455 701_0_var0 42.3600206 -71.0945822 2013-02-14 18:56:35
0473 None 42.3508362 -71.0894780 2013-02-14 18:56:35
0401 701_1_var0 42.3357912 -71.0703443 2013-02-14 18:56:35
0455 701_0_var0 42.3619933 -71.0979323 2013-02-14 18:57:36
0473 701_1_var1 42.3503978 -71.0892774 2013-02-14 18:57:36
0401 701_0_var0 42.3361832 -71.0704207 2013-02-14 18:57:36
0455 701_0_var0 42.3633821 -71.1002923 2013-02-14 18:58:36
0473 701_1_var1 42.3503978 -71.0892774 2013-02-14 18:58:36
0401 701_0_var0 42.3365914 -71.0709036 2013-02-14 18:58:36
0455 701_0_var0 42.3644094 -71.1029875 2013-02-14 18:59:37
0473 701_1_var1 42.3493059 -71.0887688 2013-02-14 18:59:37
0401 701_0_var0 42.3365914 -71.0709036 2013-02-14 18:59:37
0455 701_0_var0 42.3648855 -71.1042022 2013-02-14 19:00:38
0473 701_1_var1 42.3493059 -71.0887688 2013-02-14 19:00:38
0401 701_0_var0 42.3365914 -71.0709036 2013-02-14 19:00:38
0455 701_1_var0 42.3651285 -71.1045477 2013-02-14 19:01:38
0473 701_1_var1 42.3467538 -71.0875024 2013-02-14 19:01:38
0401 701_0_var0 42.3365914 -71.0709036 2013-02-14 19:01:38
0455 701_1_var0 42.3653284 -71.1045769 2013-02-14 19:02:38
0473 701_1_var1 42.3467538 -71.0875024 2013-02-14 19:02:38
0401 701_0_var0 42.3368720 -71.0712913 2013-02-14 19:02:38
0455 701_1_var0 42.3652074 -71.1044852 2013-02-14 19:03:39
0473 701_1_var1 42.3435421 -71.0860002 2013-02-14 19:03:39
0401 701_0_var0 42.3359790 -71.0726858 2013-02-14 19:03:39
0455 701_1_var0 42.3651955 -71.1044503 2013-02-14 19:04:39
0473 701_1_var1 42.3430139 -71.0853686 2013-02-14 19:04:39
0401 701_0_var0 42.3350949 -71.0716266 2013-02-14 19:04:39
0455 701_1_var0 42.3651927 -71.1044394 2013-02-14 19:05:39
0473 701_1_var1 42.3426037 -71.0847871 2013-02-14 19:05:39
0401 701_0_var0 42.3350962 -71.0716249 2013-02-14 19:05:39
0455 701_1_var0 42.3651955 -71.1044594 2013-02-14 19:06:40
0473 701_1_var1 42.3409999 -71.0824519 2013-02-14 19:06:40
0401 701_0_var0 42.3336640 -71.0733476 2013-02-14 19:06:40
0455 701_1_var0 42.3651846 -71.1044232 2013-02-14 19:07:40
0473 701_1_var1 42.3387114 -71.0798061 2013-02-14 19:07:40
0401 701_0_var0 42.3353759 -71.0756114 2013-02-14 19:07:40
0455 None 42.3651938 -71.1044503 2013-02-14 19:08:40
0473 701_1_var1 42.3362883 -71.0768750 2013-02-14 19:08:40
0401 701_0_var0 42.3360825 -71.0764325 2013-02-14 19:08:40
0455 None 42.3652001 -71.1044457 2013-02-14 19:09:41
0473 701_1_var1 42.3355865 -71.0760016 2013-02-14 19:09:41
0401 701_0_var0 42.3369153 -71.0774310 2013-02-14 19:09:41
0455 None 42.3651760 -71.1044433 2013-02-14 19:10:41
0473 701_1_var1 42.3342565 -71.0744671 2013-02-14 19:10:41
0401 701_0_var0 42.3389566 -71.0799147 2013-02-14 19:10:41
0455 None 42.3651841 -71.1044388 2013-02-14 19:11:42
0473 701_1_var1 42.3335909 -71.0733282 2013-02-14 19:11:42
0401 701_0_var0 42.3398369 -71.0808372 2013-02-14 19:11:42
0455 None 42.3651749 -71.1044468 2013-02-14 19:12:42
0473 701_1_var1 42.3349795 -71.0714051 2013-02-14 19:12:42
0401 701_0_var0 42.3398369 -71.0808372 2013-02-14 19:12:42
0455 None 42.3651554 -71.1044314 2013-02-14 19:13:42
0473 None 42.3371427 -71.0683569 2013-02-14 19:13:42
0401 701_0_var0 42.3421149 -71.0839699 2013-02-14 19:13:42
0455 None 42.3652070 -71.1044692 2013-02-14 19:14:43
0473 None 42.3402574 -71.0636832 2013-02-14 19:14:43
0401 701_0_var0 42.3437104 -71.0860000 2013-02-14 19:14:43
0455 None 42.3652104 -71.1044669 2013-02-14 19:15:43
0473 None 42.3403864 -71.0628524 2013-02-14 19:15:43
0401 701_0_var0 42.3438795 -71.0860928 2013-02-14 19:15:43
0455 None 42.3653095 -71.1044846 2013-02-14 19:16:44
0473 None 42.3408088 -71.0636053 2013-02-14 19:16:44
0401 701_0_var0 42.3438795 -71.0860928 2013-02-14 19:16:44
0455 None 42.3652597 -71.1044480 2013-02-14 19:17:44
0473 None 42.3409436 -71.0645724 2013-02-14 19:17:44
0401 701_0_var0 42.3438795 -71.0860928 2013-02-14 19:17:44
0455 None 42.3652265 -71.1044216 2013-02-14 19:18:44
0473 None 42.3409434 -71.0645724 2013-02-14 19:18:44
0401 701_0_var0 42.3484470 -71.0883402 2013-02-14 19:18:44
0455 None 42.3651869 -71.1044182 2013-02-14 19:19:45
0473 None 42.3410214 -71.0648019 2013-02-14 19:19:45
0401 701_0_var0 42.3484470 -71.0883402 2013-02-14 19:19:45
0455 None 42.3654591 -71.1037931 2013-02-14 19:20:45
0473 None 42.3405587 -71.0643192 2013-02-14 19:20:45
0401 701_0_var0 42.3496711 -71.0889168 2013-02-14 19:20:45
0455 701_1_var1 42.3648621 -71.1028569 2013-02-14 19:21:45
0473 None 42.3405729 -71.0643094 2013-02-14 19:21:45
0401 701_0_var0 42.3517026 -71.0899224 2013-02-14 19:21:45
0455 701_1_var1 42.3648569 -71.1028265 2013-02-14 19:22:46
0473 None 42.3405729 -71.0643094 2013-02-14 19:22:46
0401 701_0_var0 42.3569650 -71.0924594 2013-02-14 19:22:46
0455 701_1_var1 42.3639561 -71.1012916 2013-02-14 19:23:46
0473 None 42.3405729 -71.0643094 2013-02-14 19:23:46
0401 701_0_var0 42.3598475 -71.0943032 2013-02-14 19:23:46
0455 701_1_var1 42.3622047 -71.0984606 2013-02-14 19:24:46
0473 None 42.3405729 -71.0643094 2013-02-14 19:24:46
0401 701_0_var0 42.3607012 -71.0956852 2013-02-14 19:24:46
0455 701_1_var1 42.3603391 -71.0952405 2013-02-14 19:25:47
0473 None 42.3405729 -71.0643094 2013-02-14 19:25:47
0401 701_0_var0 42.3635041 -71.1004006 2013-02-14 19:25:47
0455 701_1_var1 42.3591577 -71.0936970 2013-02-14 19:26:47
0473 None 42.3405729 -71.0643094 2013-02-14 19:26:47
0401 701_0_var0 42.3646472 -71.1023785 2013-02-14 19:26:47
0455 701_1_var1 42.3579853 -71.0930553 2013-02-14 19:27:48
0473 None 42.3405729 -71.0643094 2013-02-14 19:27:48
0401 701_0_var0 42.3646472 -71.1023785 2013-02-14 19:27:48
0455 701_1_var1 42.3545586 -71.0914017 2013-02-14 19:28:48
0473 None 42.3405729 -71.0643094 2013-02-14 19:28:48
0401 701_1_var1 42.3650867 -71.1045803 2013-02-14 19:28:48
0455 701_1_var1 42.3540153 -71.0910570 2013-02-14 19:29:48
0473 None 42.3405729 -71.0643094 2013-02-14 19:29:48
0401 701_1_var1 42.3652127 -71.1057967 2013-02-14 19:29:48
0455 701_1_var1 42.3531751 -71.0906341 2013-02-14 19:30:49
0473 None 42.3405729 -71.0643094 2013-02-14 19:30:49
0401 701_1_var1 42.3651577 -71.1045144 2013-02-14 19:30:49
0455 701_1_var1 42.3522372 -71.0901604 2013-02-14 19:31:49
0473 None 42.3405729 -71.0643094 2013-02-14 19:31:49
0401 701_1_var1 42.3654849 -71.1038875 2013-02-14 19:31:49
0455 701_1_var1 42.3522372 -71.0901604 2013-02-14 19:32:49
0473 None 42.3405729 -71.0643094 2013-02-14 19:32:49
0401 701_1_var1 42.3654849 -71.1038875 2013-02-14 19:32:49
0455 701_1_var1 42.3522372 -71.0901604 2013-02-14 19:33:50
0473 None 42.3405729 -71.0643094 2013-02-14 19:33:50
0401 701_1_var1 42.3654849 -71.1038875 2013-02-14 19:33:50
0455 701_1_var1 42.3500342 -71.0890693 2013-02-14 19:34:50
0473 None 42.3405729 -71.0643094 2013-02-14 19:34:50
0401 701_1_var1 42.3609257 -71.0962868 2013-02-14 19:34:50
0455 701_1_var1 42.3488147 -71.0885009 2013-02-14 19:35:51
0473 None 42.3405729 -71.0643094 2013-02-14 19:35:51
0401 701_1_var1 42.3609257 -71.0962868 2013-02-14 19:35:51
0455 701_1_var1 42.3486669 -71.0884516 2013-02-14 19:36:51
0473 None 42.3405729 -71.0643094 2013-02-14 19:36:51
0401 701_1_var1 42.3587927 -71.0934478 2013-02-14 19:36:51
0455 701_1_var1 42.3465821 -71.0874220 2013-02-14 19:37:51
0473 None 42.3405729 -71.0643094 2013-02-14 19:37:51
0401 701_1_var1 42.3580702 -71.0931073 2013-02-14 19:37:51
0455 701_1_var1 42.3451516 -71.0867412 2013-02-14 19:38:52
0473 None 42.3405729 -71.0643094 2013-02-14 19:38:52
0401 701_1_var1 42.3556684 -71.0919237 2013-02-14 19:38:52
0455 701_1_var1 42.3451516 -71.0867412 2013-02-14 19:39:52
0473 None 42.3405729 -71.0643094 2013-02-14 19:39:52
0401 701_1_var1 42.3521651 -71.0901386 2013-02-14 19:39:52
0455 701_1_var1 42.3446023 -71.0864491 2013-02-14 19:40:53
0473 None 42.3405729 -71.0643094 2013-02-14 19:40:53
0401 701_1_var1 42.3514962 -71.0898128 2013-02-14 19:40:53
0455 701_1_var1 42.3443976 -71.0863508 2013-02-14 19:41:53
0473 None 42.3405729 -71.0643094 2013-02-14 19:41:53
0401 701_1_var1 42.3503746 -71.0892759 2013-02-14 19:41:53
0455 701_1_var1 42.3437942 -71.0860907 2013-02-14 19:42:53
0473 None 42.3405729 -71.0643094 2013-02-14 19:42:53
0401 701_1_var1 42.3498703 -71.0890155 2013-02-14 19:42:53
0455 701_1_var1 42.3434805 -71.0858760 2013-02-14 19:43:55
0473 None 42.3405729 -71.0643094 2013-02-14 19:43:55
0401 701_1_var1 42.3496399 -71.0889095 2013-02-14 19:43:55
0455 701_1_var1 42.3430664 -71.0853555 2013-02-14 19:44:55
0473 None 42.3405729 -71.0643094 2013-02-14 19:44:55
0401 701_1_var1 42.3496399 -71.0889095 2013-02-14 19:44:55
0455 701_1_var1 42.3410022 -71.0824788 2013-02-14 19:45:55
0473 None 42.3405729 -71.0643094 2013-02-14 19:45:55
0401 701_1_var1 42.3471722 -71.0876818 2013-02-14 19:45:55
0455 701_1_var1 42.3395067 -71.0806801 2013-02-14 19:46:56
0473 None 42.3405729 -71.0643094 2013-02-14 19:46:56
0401 701_1_var1 42.3471722 -71.0876818 2013-02-14 19:46:56
0455 701_1_var1 42.3386960 -71.0797206 2013-02-14 19:47:56
0473 None 42.3405729 -71.0643094 2013-02-14 19:47:56
0401 701_1_var1 42.3471722 -71.0876818 2013-02-14 19:47:56
0455 701_1_var1 42.3353831 -71.0757744 2013-02-14 19:48:57
0473 None 42.3405729 -71.0643094 2013-02-14 19:48:57
0401 701_1_var1 42.3455082 -71.0868597 2013-02-14 19:48:57
0455 701_1_var1 42.3342368 -71.0743907 2013-02-14 19:49:57
0401 701_1_var1 42.3455082 -71.0868597 2013-02-14 19:49:57
0455 701_1_var1 42.3339055 -71.0739518 2013-02-14 19:50:57
0401 701_1_var1 42.3444202 -71.0863266 2013-02-14 19:50:57
0455 None 42.3376052 -71.0676844 2013-02-14 19:51:58
0401 701_1_var1 42.3440277 -71.0861508 2013-02-14 19:51:58
0455 None 42.3400963 -71.0637312 2013-02-14 19:52:58
0401 None 42.3438714 -71.0860721 2013-02-14 19:52:58
0455 None 42.3400963 -71.0637312 2013-02-14 19:53:59
0401 701_1_var1 42.3430323 -71.0853460 2013-02-14 19:53:59
0401 701_1_var1 42.3410926 -71.0824709 2013-02-14 19:54:59
0401 701_1_var1 42.3391930 -71.0802721 2013-02-14 19:55:59
0401 701_1_var1 42.3388406 -71.0798379 2013-02-14 19:57:00
0401 701_1_var1 42.3366858 -71.0772563 2013-02-14 19:58:00
0401 None 42.3363924 -71.0768763 2013-02-14 19:59:01
0401 None 42.3337713 -71.0735614 2013-02-14 20:01:01
0401 None 42.3346230 -71.0719472 2013-02-14 20:02:02
0401 None 42.3396370 -71.0670368 2013-02-14 20:05:03
0401 None 42.3402606 -71.0633247 2013-02-14 20:06:03
0401 None 42.3426364 -71.0627315 2013-02-14 20:07:04
0401 None 42.3409144 -71.0641908 2013-02-14 20:08:04
0401 None 42.3409169 -71.0641924 2013-02-14 20:09:05
0401 None 42.3410685 -71.0641573 2013-02-14 20:10:05
0401 None 42.3410655 -71.0641584 2013-02-14 20:11:06
0401 None 42.3410655 -71.0641584 2013-02-14 20:12:06
0401 None 42.3410655 -71.0641584 2013-02-14 20:13:06
0401 None 42.3410655 -71.0641584 2013-02-14 20:14:07
0401 None 42.3410655 -71.0641584 2013-02-14 20:15:07
0401 None 42.3410655 -71.0641584 2013-02-14 20:16:07
0401 None 42.3410655 -71.0641584 2013-02-14 20:17:08
0401 None 42.3410655 -71.0641584 2013-02-14 20:18:08
0401 None 42.3410655 -71.0641584 2013-02-14 20:19:09
